{"G:\\marcus\\Documents\\GitHub\\back-challenge-graphql\\src\\config.ts": {"path":"G:\\marcus\\Documents\\GitHub\\back-challenge-graphql\\src\\config.ts","statementMap":{"0":{"start":{"line":2,"column":0},"end":{"line":2,"column":62}},"1":{"start":{"line":3,"column":0},"end":{"line":23,"column":2}}},"fnMap":{},"branchMap":{"0":{"loc":{"start":{"line":4,"column":10},"end":{"line":4,"column":34}},"type":"binary-expr","locations":[{"start":{"line":4,"column":10},"end":{"line":4,"column":26}},{"start":{"line":4,"column":30},"end":{"line":4,"column":34}}],"line":4},"1":{"loc":{"start":{"line":8,"column":18},"end":{"line":8,"column":58}},"type":"binary-expr","locations":[{"start":{"line":8,"column":18},"end":{"line":8,"column":43}},{"start":{"line":8,"column":47},"end":{"line":8,"column":58}}],"line":8},"2":{"loc":{"start":{"line":9,"column":18},"end":{"line":9,"column":51}},"type":"binary-expr","locations":[{"start":{"line":9,"column":18},"end":{"line":9,"column":43}},{"start":{"line":9,"column":47},"end":{"line":9,"column":51}}],"line":9},"3":{"loc":{"start":{"line":10,"column":22},"end":{"line":10,"column":62}},"type":"binary-expr","locations":[{"start":{"line":10,"column":22},"end":{"line":10,"column":47}},{"start":{"line":10,"column":51},"end":{"line":10,"column":62}}],"line":10},"4":{"loc":{"start":{"line":11,"column":18},"end":{"line":11,"column":58}},"type":"binary-expr","locations":[{"start":{"line":11,"column":18},"end":{"line":11,"column":43}},{"start":{"line":11,"column":47},"end":{"line":11,"column":58}}],"line":11},"5":{"loc":{"start":{"line":12,"column":22},"end":{"line":12,"column":73}},"type":"binary-expr","locations":[{"start":{"line":12,"column":22},"end":{"line":12,"column":51}},{"start":{"line":12,"column":55},"end":{"line":12,"column":73}}],"line":12}},"s":{"0":8,"1":8},"f":{},"b":{"0":[8,8],"1":[8,8],"2":[8,8],"3":[8,8],"4":[8,8],"5":[8,8]},"inputSourceMap":null,"_coverageSchema":"1a1c01bbd47fc00a2c39e90264f33305004495a9","hash":"13c43ec578c99f73822c0630b85051d4d9ed812a"}
,"G:\\marcus\\Documents\\GitHub\\back-challenge-graphql\\src\\database.ts": {"path":"G:\\marcus\\Documents\\GitHub\\back-challenge-graphql\\src\\database.ts","statementMap":{"0":{"start":{"line":2,"column":22},"end":{"line":4,"column":1}},"1":{"start":{"line":3,"column":4},"end":{"line":3,"column":62}},"2":{"start":{"line":5,"column":0},"end":{"line":5,"column":62}},"3":{"start":{"line":6,"column":15},"end":{"line":6,"column":47}},"4":{"start":{"line":7,"column":17},"end":{"line":7,"column":53}},"5":{"start":{"line":8,"column":17},"end":{"line":8,"column":100}},"6":{"start":{"line":9,"column":0},"end":{"line":9,"column":27}}},"fnMap":{"0":{"name":"(anonymous_0)","decl":{"start":{"line":2,"column":56},"end":{"line":2,"column":57}},"loc":{"start":{"line":2,"column":71},"end":{"line":4,"column":1}},"line":2}},"branchMap":{"0":{"loc":{"start":{"line":2,"column":22},"end":{"line":4,"column":1}},"type":"binary-expr","locations":[{"start":{"line":2,"column":23},"end":{"line":2,"column":27}},{"start":{"line":2,"column":31},"end":{"line":2,"column":51}},{"start":{"line":2,"column":56},"end":{"line":4,"column":1}}],"line":2},"1":{"loc":{"start":{"line":3,"column":11},"end":{"line":3,"column":61}},"type":"cond-expr","locations":[{"start":{"line":3,"column":37},"end":{"line":3,"column":40}},{"start":{"line":3,"column":43},"end":{"line":3,"column":61}}],"line":3},"2":{"loc":{"start":{"line":3,"column":12},"end":{"line":3,"column":33}},"type":"binary-expr","locations":[{"start":{"line":3,"column":12},"end":{"line":3,"column":15}},{"start":{"line":3,"column":19},"end":{"line":3,"column":33}}],"line":3}},"s":{"0":8,"1":16,"2":8,"3":8,"4":8,"5":8,"6":8},"f":{"0":16},"b":{"0":[8,8,8],"1":[8,8],"2":[16,16]},"inputSourceMap":null,"_coverageSchema":"1a1c01bbd47fc00a2c39e90264f33305004495a9","hash":"a2ce4711cd72ecbca30166033013ae838e1ef176"}
,"G:\\marcus\\Documents\\GitHub\\back-challenge-graphql\\src\\context\\index.ts": {"path":"G:\\marcus\\Documents\\GitHub\\back-challenge-graphql\\src\\context\\index.ts","statementMap":{"0":{"start":{"line":2,"column":22},"end":{"line":4,"column":1}},"1":{"start":{"line":3,"column":4},"end":{"line":3,"column":62}},"2":{"start":{"line":5,"column":0},"end":{"line":5,"column":62}},"3":{"start":{"line":6,"column":29},"end":{"line":6,"column":91}},"4":{"start":{"line":7,"column":32},"end":{"line":7,"column":97}},"5":{"start":{"line":8,"column":21},"end":{"line":8,"column":70}},"6":{"start":{"line":9,"column":16},"end":{"line":17,"column":1}},"7":{"start":{"line":18,"column":0},"end":{"line":18,"column":26}}},"fnMap":{"0":{"name":"(anonymous_0)","decl":{"start":{"line":2,"column":56},"end":{"line":2,"column":57}},"loc":{"start":{"line":2,"column":71},"end":{"line":4,"column":1}},"line":2}},"branchMap":{"0":{"loc":{"start":{"line":2,"column":22},"end":{"line":4,"column":1}},"type":"binary-expr","locations":[{"start":{"line":2,"column":23},"end":{"line":2,"column":27}},{"start":{"line":2,"column":31},"end":{"line":2,"column":51}},{"start":{"line":2,"column":56},"end":{"line":4,"column":1}}],"line":2},"1":{"loc":{"start":{"line":3,"column":11},"end":{"line":3,"column":61}},"type":"cond-expr","locations":[{"start":{"line":3,"column":37},"end":{"line":3,"column":40}},{"start":{"line":3,"column":43},"end":{"line":3,"column":61}}],"line":3},"2":{"loc":{"start":{"line":3,"column":12},"end":{"line":3,"column":33}},"type":"binary-expr","locations":[{"start":{"line":3,"column":12},"end":{"line":3,"column":15}},{"start":{"line":3,"column":19},"end":{"line":3,"column":33}}],"line":3}},"s":{"0":8,"1":24,"2":8,"3":8,"4":8,"5":8,"6":8,"7":8},"f":{"0":24},"b":{"0":[8,8,8],"1":[24,0],"2":[24,24]},"inputSourceMap":null,"_coverageSchema":"1a1c01bbd47fc00a2c39e90264f33305004495a9","hash":"f8a4977abf97bf21f3dd343b7d39785c44159f74"}
,"G:\\marcus\\Documents\\GitHub\\back-challenge-graphql\\src\\loaders\\userLoader.ts": {"path":"G:\\marcus\\Documents\\GitHub\\back-challenge-graphql\\src\\loaders\\userLoader.ts","statementMap":{"0":{"start":{"line":2,"column":16},"end":{"line":10,"column":1}},"1":{"start":{"line":3,"column":28},"end":{"line":3,"column":110}},"2":{"start":{"line":3,"column":91},"end":{"line":3,"column":106}},"3":{"start":{"line":4,"column":4},"end":{"line":9,"column":7}},"4":{"start":{"line":5,"column":36},"end":{"line":5,"column":97}},"5":{"start":{"line":5,"column":42},"end":{"line":5,"column":70}},"6":{"start":{"line":5,"column":85},"end":{"line":5,"column":95}},"7":{"start":{"line":6,"column":35},"end":{"line":6,"column":100}},"8":{"start":{"line":6,"column":41},"end":{"line":6,"column":73}},"9":{"start":{"line":6,"column":88},"end":{"line":6,"column":98}},"10":{"start":{"line":7,"column":32},"end":{"line":7,"column":116}},"11":{"start":{"line":8,"column":8},"end":{"line":8,"column":78}},"12":{"start":{"line":11,"column":22},"end":{"line":13,"column":1}},"13":{"start":{"line":12,"column":4},"end":{"line":12,"column":62}},"14":{"start":{"line":14,"column":0},"end":{"line":14,"column":62}},"15":{"start":{"line":15,"column":21},"end":{"line":15,"column":59}},"16":{"start":{"line":16,"column":29},"end":{"line":16,"column":91}},"17":{"start":{"line":18,"column":4},"end":{"line":24,"column":7}},"18":{"start":{"line":19,"column":31},"end":{"line":19,"column":65}},"19":{"start":{"line":20,"column":22},"end":{"line":20,"column":55}},"20":{"start":{"line":21,"column":8},"end":{"line":23,"column":11}},"21":{"start":{"line":22,"column":12},"end":{"line":22,"column":56}},"22":{"start":{"line":22,"column":40},"end":{"line":22,"column":54}},"23":{"start":{"line":26,"column":0},"end":{"line":26,"column":57}}},"fnMap":{"0":{"name":"(anonymous_0)","decl":{"start":{"line":2,"column":44},"end":{"line":2,"column":45}},"loc":{"start":{"line":2,"column":89},"end":{"line":10,"column":1}},"line":2},"1":{"name":"adopt","decl":{"start":{"line":3,"column":13},"end":{"line":3,"column":18}},"loc":{"start":{"line":3,"column":26},"end":{"line":3,"column":112}},"line":3},"2":{"name":"(anonymous_2)","decl":{"start":{"line":3,"column":70},"end":{"line":3,"column":71}},"loc":{"start":{"line":3,"column":89},"end":{"line":3,"column":108}},"line":3},"3":{"name":"(anonymous_3)","decl":{"start":{"line":4,"column":36},"end":{"line":4,"column":37}},"loc":{"start":{"line":4,"column":63},"end":{"line":9,"column":5}},"line":4},"4":{"name":"fulfilled","decl":{"start":{"line":5,"column":17},"end":{"line":5,"column":26}},"loc":{"start":{"line":5,"column":34},"end":{"line":5,"column":99}},"line":5},"5":{"name":"rejected","decl":{"start":{"line":6,"column":17},"end":{"line":6,"column":25}},"loc":{"start":{"line":6,"column":33},"end":{"line":6,"column":102}},"line":6},"6":{"name":"step","decl":{"start":{"line":7,"column":17},"end":{"line":7,"column":21}},"loc":{"start":{"line":7,"column":30},"end":{"line":7,"column":118}},"line":7},"7":{"name":"(anonymous_7)","decl":{"start":{"line":11,"column":56},"end":{"line":11,"column":57}},"loc":{"start":{"line":11,"column":71},"end":{"line":13,"column":1}},"line":11},"8":{"name":"getUsersById","decl":{"start":{"line":17,"column":9},"end":{"line":17,"column":21}},"loc":{"start":{"line":17,"column":27},"end":{"line":25,"column":1}},"line":17},"9":{"name":"(anonymous_9)","decl":{"start":{"line":18,"column":43},"end":{"line":18,"column":44}},"loc":{"start":{"line":18,"column":56},"end":{"line":24,"column":5}},"line":18},"10":{"name":"(anonymous_10)","decl":{"start":{"line":21,"column":23},"end":{"line":21,"column":24}},"loc":{"start":{"line":21,"column":31},"end":{"line":23,"column":9}},"line":21},"11":{"name":"(anonymous_11)","decl":{"start":{"line":22,"column":30},"end":{"line":22,"column":31}},"loc":{"start":{"line":22,"column":40},"end":{"line":22,"column":54}},"line":22}},"branchMap":{"0":{"loc":{"start":{"line":2,"column":16},"end":{"line":10,"column":1}},"type":"binary-expr","locations":[{"start":{"line":2,"column":17},"end":{"line":2,"column":21}},{"start":{"line":2,"column":25},"end":{"line":2,"column":39}},{"start":{"line":2,"column":44},"end":{"line":10,"column":1}}],"line":2},"1":{"loc":{"start":{"line":3,"column":35},"end":{"line":3,"column":109}},"type":"cond-expr","locations":[{"start":{"line":3,"column":56},"end":{"line":3,"column":61}},{"start":{"line":3,"column":64},"end":{"line":3,"column":109}}],"line":3},"2":{"loc":{"start":{"line":4,"column":16},"end":{"line":4,"column":34}},"type":"binary-expr","locations":[{"start":{"line":4,"column":16},"end":{"line":4,"column":17}},{"start":{"line":4,"column":22},"end":{"line":4,"column":33}}],"line":4},"3":{"loc":{"start":{"line":7,"column":32},"end":{"line":7,"column":115}},"type":"cond-expr","locations":[{"start":{"line":7,"column":46},"end":{"line":7,"column":67}},{"start":{"line":7,"column":70},"end":{"line":7,"column":115}}],"line":7},"4":{"loc":{"start":{"line":8,"column":51},"end":{"line":8,"column":67}},"type":"binary-expr","locations":[{"start":{"line":8,"column":51},"end":{"line":8,"column":61}},{"start":{"line":8,"column":65},"end":{"line":8,"column":67}}],"line":8},"5":{"loc":{"start":{"line":11,"column":22},"end":{"line":13,"column":1}},"type":"binary-expr","locations":[{"start":{"line":11,"column":23},"end":{"line":11,"column":27}},{"start":{"line":11,"column":31},"end":{"line":11,"column":51}},{"start":{"line":11,"column":56},"end":{"line":13,"column":1}}],"line":11},"6":{"loc":{"start":{"line":12,"column":11},"end":{"line":12,"column":61}},"type":"cond-expr","locations":[{"start":{"line":12,"column":37},"end":{"line":12,"column":40}},{"start":{"line":12,"column":43},"end":{"line":12,"column":61}}],"line":12},"7":{"loc":{"start":{"line":12,"column":12},"end":{"line":12,"column":33}},"type":"binary-expr","locations":[{"start":{"line":12,"column":12},"end":{"line":12,"column":15}},{"start":{"line":12,"column":19},"end":{"line":12,"column":33}}],"line":12}},"s":{"0":8,"1":2,"2":0,"3":2,"4":2,"5":2,"6":0,"7":0,"8":0,"9":0,"10":4,"11":2,"12":8,"13":16,"14":8,"15":8,"16":8,"17":2,"18":2,"19":2,"20":2,"21":4,"22":7,"23":8},"f":{"0":2,"1":2,"2":0,"3":2,"4":2,"5":0,"6":4,"7":16,"8":2,"9":2,"10":4,"11":7},"b":{"0":[8,8,8],"1":[2,0],"2":[2,2],"3":[2,2],"4":[2,2],"5":[8,8,8],"6":[8,8],"7":[16,16]},"inputSourceMap":null,"_coverageSchema":"1a1c01bbd47fc00a2c39e90264f33305004495a9","hash":"609e3bdc5b54e64b1252090f6c063f60bb112279"}
,"G:\\marcus\\Documents\\GitHub\\back-challenge-graphql\\src\\repositories\\ProjectKnexRepository.ts": {"path":"G:\\marcus\\Documents\\GitHub\\back-challenge-graphql\\src\\repositories\\ProjectKnexRepository.ts","statementMap":{"0":{"start":{"line":2,"column":16},"end":{"line":10,"column":1}},"1":{"start":{"line":3,"column":28},"end":{"line":3,"column":110}},"2":{"start":{"line":3,"column":91},"end":{"line":3,"column":106}},"3":{"start":{"line":4,"column":4},"end":{"line":9,"column":7}},"4":{"start":{"line":5,"column":36},"end":{"line":5,"column":97}},"5":{"start":{"line":5,"column":42},"end":{"line":5,"column":70}},"6":{"start":{"line":5,"column":85},"end":{"line":5,"column":95}},"7":{"start":{"line":6,"column":35},"end":{"line":6,"column":100}},"8":{"start":{"line":6,"column":41},"end":{"line":6,"column":73}},"9":{"start":{"line":6,"column":88},"end":{"line":6,"column":98}},"10":{"start":{"line":7,"column":32},"end":{"line":7,"column":116}},"11":{"start":{"line":8,"column":8},"end":{"line":8,"column":78}},"12":{"start":{"line":11,"column":22},"end":{"line":13,"column":1}},"13":{"start":{"line":12,"column":4},"end":{"line":12,"column":62}},"14":{"start":{"line":14,"column":0},"end":{"line":14,"column":62}},"15":{"start":{"line":15,"column":19},"end":{"line":15,"column":58}},"16":{"start":{"line":18,"column":8},"end":{"line":23,"column":11}},"17":{"start":{"line":19,"column":12},"end":{"line":22,"column":25}},"18":{"start":{"line":26,"column":8},"end":{"line":30,"column":11}},"19":{"start":{"line":27,"column":12},"end":{"line":29,"column":36}},"20":{"start":{"line":33,"column":8},"end":{"line":55,"column":11}},"21":{"start":{"line":34,"column":67},"end":{"line":34,"column":73}},"22":{"start":{"line":35,"column":12},"end":{"line":54,"column":30}},"23":{"start":{"line":38,"column":16},"end":{"line":40,"column":17}},"24":{"start":{"line":39,"column":20},"end":{"line":39,"column":47}},"25":{"start":{"line":41,"column":16},"end":{"line":43,"column":17}},"26":{"start":{"line":42,"column":20},"end":{"line":42,"column":68}},"27":{"start":{"line":44,"column":16},"end":{"line":46,"column":17}},"28":{"start":{"line":45,"column":20},"end":{"line":45,"column":55}},"29":{"start":{"line":47,"column":16},"end":{"line":49,"column":17}},"30":{"start":{"line":48,"column":20},"end":{"line":48,"column":57}},"31":{"start":{"line":50,"column":16},"end":{"line":52,"column":17}},"32":{"start":{"line":51,"column":20},"end":{"line":51,"column":88}},"33":{"start":{"line":51,"column":42},"end":{"line":51,"column":86}},"34":{"start":{"line":58,"column":8},"end":{"line":75,"column":11}},"35":{"start":{"line":59,"column":44},"end":{"line":59,"column":50}},"36":{"start":{"line":60,"column":12},"end":{"line":74,"column":46}},"37":{"start":{"line":63,"column":16},"end":{"line":65,"column":17}},"38":{"start":{"line":64,"column":20},"end":{"line":64,"column":57}},"39":{"start":{"line":66,"column":16},"end":{"line":68,"column":17}},"40":{"start":{"line":67,"column":20},"end":{"line":67,"column":68}},"41":{"start":{"line":69,"column":16},"end":{"line":71,"column":17}},"42":{"start":{"line":70,"column":20},"end":{"line":70,"column":55}},"43":{"start":{"line":74,"column":32},"end":{"line":74,"column":44}},"44":{"start":{"line":78,"column":8},"end":{"line":88,"column":11}},"45":{"start":{"line":79,"column":12},"end":{"line":87,"column":15}},"46":{"start":{"line":86,"column":16},"end":{"line":86,"column":40}},"47":{"start":{"line":91,"column":8},"end":{"line":110,"column":11}},"48":{"start":{"line":92,"column":12},"end":{"line":109,"column":15}},"49":{"start":{"line":95,"column":16},"end":{"line":97,"column":17}},"50":{"start":{"line":96,"column":20},"end":{"line":96,"column":54}},"51":{"start":{"line":98,"column":16},"end":{"line":100,"column":17}},"52":{"start":{"line":99,"column":20},"end":{"line":99,"column":56}},"53":{"start":{"line":103,"column":16},"end":{"line":105,"column":17}},"54":{"start":{"line":104,"column":20},"end":{"line":104,"column":58}},"55":{"start":{"line":106,"column":16},"end":{"line":106,"column":35}},"56":{"start":{"line":108,"column":16},"end":{"line":108,"column":36}},"57":{"start":{"line":113,"column":8},"end":{"line":117,"column":11}},"58":{"start":{"line":114,"column":28},"end":{"line":114,"column":46}},"59":{"start":{"line":115,"column":12},"end":{"line":115,"column":76}},"60":{"start":{"line":116,"column":12},"end":{"line":116,"column":27}},"61":{"start":{"line":120,"column":0},"end":{"line":120,"column":40}}},"fnMap":{"0":{"name":"(anonymous_0)","decl":{"start":{"line":2,"column":44},"end":{"line":2,"column":45}},"loc":{"start":{"line":2,"column":89},"end":{"line":10,"column":1}},"line":2},"1":{"name":"adopt","decl":{"start":{"line":3,"column":13},"end":{"line":3,"column":18}},"loc":{"start":{"line":3,"column":26},"end":{"line":3,"column":112}},"line":3},"2":{"name":"(anonymous_2)","decl":{"start":{"line":3,"column":70},"end":{"line":3,"column":71}},"loc":{"start":{"line":3,"column":89},"end":{"line":3,"column":108}},"line":3},"3":{"name":"(anonymous_3)","decl":{"start":{"line":4,"column":36},"end":{"line":4,"column":37}},"loc":{"start":{"line":4,"column":63},"end":{"line":9,"column":5}},"line":4},"4":{"name":"fulfilled","decl":{"start":{"line":5,"column":17},"end":{"line":5,"column":26}},"loc":{"start":{"line":5,"column":34},"end":{"line":5,"column":99}},"line":5},"5":{"name":"rejected","decl":{"start":{"line":6,"column":17},"end":{"line":6,"column":25}},"loc":{"start":{"line":6,"column":33},"end":{"line":6,"column":102}},"line":6},"6":{"name":"step","decl":{"start":{"line":7,"column":17},"end":{"line":7,"column":21}},"loc":{"start":{"line":7,"column":30},"end":{"line":7,"column":118}},"line":7},"7":{"name":"(anonymous_7)","decl":{"start":{"line":11,"column":56},"end":{"line":11,"column":57}},"loc":{"start":{"line":11,"column":71},"end":{"line":13,"column":1}},"line":11},"8":{"name":"(anonymous_8)","decl":{"start":{"line":17,"column":4},"end":{"line":17,"column":5}},"loc":{"start":{"line":17,"column":12},"end":{"line":24,"column":5}},"line":17},"9":{"name":"(anonymous_9)","decl":{"start":{"line":18,"column":47},"end":{"line":18,"column":48}},"loc":{"start":{"line":18,"column":60},"end":{"line":23,"column":9}},"line":18},"10":{"name":"(anonymous_10)","decl":{"start":{"line":25,"column":4},"end":{"line":25,"column":5}},"loc":{"start":{"line":25,"column":17},"end":{"line":31,"column":5}},"line":25},"11":{"name":"(anonymous_11)","decl":{"start":{"line":26,"column":47},"end":{"line":26,"column":48}},"loc":{"start":{"line":26,"column":60},"end":{"line":30,"column":9}},"line":26},"12":{"name":"(anonymous_12)","decl":{"start":{"line":32,"column":4},"end":{"line":32,"column":5}},"loc":{"start":{"line":32,"column":17},"end":{"line":56,"column":5}},"line":32},"13":{"name":"(anonymous_13)","decl":{"start":{"line":33,"column":47},"end":{"line":33,"column":48}},"loc":{"start":{"line":33,"column":60},"end":{"line":55,"column":9}},"line":33},"14":{"name":"(anonymous_14)","decl":{"start":{"line":37,"column":24},"end":{"line":37,"column":25}},"loc":{"start":{"line":37,"column":42},"end":{"line":53,"column":13}},"line":37},"15":{"name":"(anonymous_15)","decl":{"start":{"line":51,"column":36},"end":{"line":51,"column":37}},"loc":{"start":{"line":51,"column":42},"end":{"line":51,"column":86}},"line":51},"16":{"name":"(anonymous_16)","decl":{"start":{"line":57,"column":4},"end":{"line":57,"column":5}},"loc":{"start":{"line":57,"column":18},"end":{"line":76,"column":5}},"line":57},"17":{"name":"(anonymous_17)","decl":{"start":{"line":58,"column":47},"end":{"line":58,"column":48}},"loc":{"start":{"line":58,"column":60},"end":{"line":75,"column":9}},"line":58},"18":{"name":"(anonymous_18)","decl":{"start":{"line":62,"column":24},"end":{"line":62,"column":25}},"loc":{"start":{"line":62,"column":42},"end":{"line":72,"column":13}},"line":62},"19":{"name":"(anonymous_19)","decl":{"start":{"line":74,"column":22},"end":{"line":74,"column":23}},"loc":{"start":{"line":74,"column":32},"end":{"line":74,"column":44}},"line":74},"20":{"name":"(anonymous_20)","decl":{"start":{"line":77,"column":4},"end":{"line":77,"column":5}},"loc":{"start":{"line":77,"column":19},"end":{"line":89,"column":5}},"line":77},"21":{"name":"(anonymous_21)","decl":{"start":{"line":78,"column":47},"end":{"line":78,"column":48}},"loc":{"start":{"line":78,"column":60},"end":{"line":88,"column":9}},"line":78},"22":{"name":"(anonymous_22)","decl":{"start":{"line":85,"column":22},"end":{"line":85,"column":23}},"loc":{"start":{"line":85,"column":29},"end":{"line":87,"column":13}},"line":85},"23":{"name":"(anonymous_23)","decl":{"start":{"line":90,"column":4},"end":{"line":90,"column":5}},"loc":{"start":{"line":90,"column":28},"end":{"line":111,"column":5}},"line":90},"24":{"name":"(anonymous_24)","decl":{"start":{"line":91,"column":47},"end":{"line":91,"column":48}},"loc":{"start":{"line":91,"column":60},"end":{"line":110,"column":9}},"line":91},"25":{"name":"(anonymous_25)","decl":{"start":{"line":94,"column":24},"end":{"line":94,"column":25}},"loc":{"start":{"line":94,"column":42},"end":{"line":101,"column":13}},"line":94},"26":{"name":"(anonymous_26)","decl":{"start":{"line":102,"column":22},"end":{"line":102,"column":23}},"loc":{"start":{"line":102,"column":37},"end":{"line":107,"column":13}},"line":102},"27":{"name":"(anonymous_27)","decl":{"start":{"line":107,"column":20},"end":{"line":107,"column":21}},"loc":{"start":{"line":107,"column":26},"end":{"line":109,"column":13}},"line":107},"28":{"name":"(anonymous_28)","decl":{"start":{"line":112,"column":4},"end":{"line":112,"column":5}},"loc":{"start":{"line":112,"column":15},"end":{"line":118,"column":5}},"line":112},"29":{"name":"(anonymous_29)","decl":{"start":{"line":113,"column":47},"end":{"line":113,"column":48}},"loc":{"start":{"line":113,"column":60},"end":{"line":117,"column":9}},"line":113}},"branchMap":{"0":{"loc":{"start":{"line":2,"column":16},"end":{"line":10,"column":1}},"type":"binary-expr","locations":[{"start":{"line":2,"column":17},"end":{"line":2,"column":21}},{"start":{"line":2,"column":25},"end":{"line":2,"column":39}},{"start":{"line":2,"column":44},"end":{"line":10,"column":1}}],"line":2},"1":{"loc":{"start":{"line":3,"column":35},"end":{"line":3,"column":109}},"type":"cond-expr","locations":[{"start":{"line":3,"column":56},"end":{"line":3,"column":61}},{"start":{"line":3,"column":64},"end":{"line":3,"column":109}}],"line":3},"2":{"loc":{"start":{"line":4,"column":16},"end":{"line":4,"column":34}},"type":"binary-expr","locations":[{"start":{"line":4,"column":16},"end":{"line":4,"column":17}},{"start":{"line":4,"column":22},"end":{"line":4,"column":33}}],"line":4},"3":{"loc":{"start":{"line":7,"column":32},"end":{"line":7,"column":115}},"type":"cond-expr","locations":[{"start":{"line":7,"column":46},"end":{"line":7,"column":67}},{"start":{"line":7,"column":70},"end":{"line":7,"column":115}}],"line":7},"4":{"loc":{"start":{"line":8,"column":51},"end":{"line":8,"column":67}},"type":"binary-expr","locations":[{"start":{"line":8,"column":51},"end":{"line":8,"column":61}},{"start":{"line":8,"column":65},"end":{"line":8,"column":67}}],"line":8},"5":{"loc":{"start":{"line":11,"column":22},"end":{"line":13,"column":1}},"type":"binary-expr","locations":[{"start":{"line":11,"column":23},"end":{"line":11,"column":27}},{"start":{"line":11,"column":31},"end":{"line":11,"column":51}},{"start":{"line":11,"column":56},"end":{"line":13,"column":1}}],"line":11},"6":{"loc":{"start":{"line":12,"column":11},"end":{"line":12,"column":61}},"type":"cond-expr","locations":[{"start":{"line":12,"column":37},"end":{"line":12,"column":40}},{"start":{"line":12,"column":43},"end":{"line":12,"column":61}}],"line":12},"7":{"loc":{"start":{"line":12,"column":12},"end":{"line":12,"column":33}},"type":"binary-expr","locations":[{"start":{"line":12,"column":12},"end":{"line":12,"column":15}},{"start":{"line":12,"column":19},"end":{"line":12,"column":33}}],"line":12},"8":{"loc":{"start":{"line":38,"column":16},"end":{"line":40,"column":17}},"type":"if","locations":[{"start":{"line":38,"column":16},"end":{"line":40,"column":17}},{"start":{},"end":{}}],"line":38},"9":{"loc":{"start":{"line":38,"column":20},"end":{"line":38,"column":66}},"type":"binary-expr","locations":[{"start":{"line":38,"column":20},"end":{"line":38,"column":48}},{"start":{"line":38,"column":52},"end":{"line":38,"column":66}}],"line":38},"10":{"loc":{"start":{"line":41,"column":16},"end":{"line":43,"column":17}},"type":"if","locations":[{"start":{"line":41,"column":16},"end":{"line":43,"column":17}},{"start":{},"end":{}}],"line":41},"11":{"loc":{"start":{"line":41,"column":20},"end":{"line":41,"column":64}},"type":"binary-expr","locations":[{"start":{"line":41,"column":20},"end":{"line":41,"column":47}},{"start":{"line":41,"column":51},"end":{"line":41,"column":64}}],"line":41},"12":{"loc":{"start":{"line":44,"column":16},"end":{"line":46,"column":17}},"type":"if","locations":[{"start":{"line":44,"column":16},"end":{"line":46,"column":17}},{"start":{},"end":{}}],"line":44},"13":{"loc":{"start":{"line":44,"column":20},"end":{"line":44,"column":66}},"type":"binary-expr","locations":[{"start":{"line":44,"column":20},"end":{"line":44,"column":48}},{"start":{"line":44,"column":52},"end":{"line":44,"column":66}}],"line":44},"14":{"loc":{"start":{"line":47,"column":16},"end":{"line":49,"column":17}},"type":"if","locations":[{"start":{"line":47,"column":16},"end":{"line":49,"column":17}},{"start":{},"end":{}}],"line":47},"15":{"loc":{"start":{"line":47,"column":20},"end":{"line":47,"column":68}},"type":"binary-expr","locations":[{"start":{"line":47,"column":20},"end":{"line":47,"column":49}},{"start":{"line":47,"column":53},"end":{"line":47,"column":68}}],"line":47},"16":{"loc":{"start":{"line":50,"column":16},"end":{"line":52,"column":17}},"type":"if","locations":[{"start":{"line":50,"column":16},"end":{"line":52,"column":17}},{"start":{},"end":{}}],"line":50},"17":{"loc":{"start":{"line":63,"column":16},"end":{"line":65,"column":17}},"type":"if","locations":[{"start":{"line":63,"column":16},"end":{"line":65,"column":17}},{"start":{},"end":{}}],"line":63},"18":{"loc":{"start":{"line":63,"column":20},"end":{"line":63,"column":68}},"type":"binary-expr","locations":[{"start":{"line":63,"column":20},"end":{"line":63,"column":49}},{"start":{"line":63,"column":53},"end":{"line":63,"column":68}}],"line":63},"19":{"loc":{"start":{"line":66,"column":16},"end":{"line":68,"column":17}},"type":"if","locations":[{"start":{"line":66,"column":16},"end":{"line":68,"column":17}},{"start":{},"end":{}}],"line":66},"20":{"loc":{"start":{"line":66,"column":20},"end":{"line":66,"column":64}},"type":"binary-expr","locations":[{"start":{"line":66,"column":20},"end":{"line":66,"column":47}},{"start":{"line":66,"column":51},"end":{"line":66,"column":64}}],"line":66},"21":{"loc":{"start":{"line":69,"column":16},"end":{"line":71,"column":17}},"type":"if","locations":[{"start":{"line":69,"column":16},"end":{"line":71,"column":17}},{"start":{},"end":{}}],"line":69},"22":{"loc":{"start":{"line":69,"column":20},"end":{"line":69,"column":66}},"type":"binary-expr","locations":[{"start":{"line":69,"column":20},"end":{"line":69,"column":48}},{"start":{"line":69,"column":52},"end":{"line":69,"column":66}}],"line":69},"23":{"loc":{"start":{"line":95,"column":16},"end":{"line":97,"column":17}},"type":"if","locations":[{"start":{"line":95,"column":16},"end":{"line":97,"column":17}},{"start":{},"end":{}}],"line":95},"24":{"loc":{"start":{"line":95,"column":20},"end":{"line":95,"column":64}},"type":"binary-expr","locations":[{"start":{"line":95,"column":20},"end":{"line":95,"column":47}},{"start":{"line":95,"column":51},"end":{"line":95,"column":64}}],"line":95},"25":{"loc":{"start":{"line":98,"column":16},"end":{"line":100,"column":17}},"type":"if","locations":[{"start":{"line":98,"column":16},"end":{"line":100,"column":17}},{"start":{},"end":{}}],"line":98},"26":{"loc":{"start":{"line":98,"column":20},"end":{"line":98,"column":66}},"type":"binary-expr","locations":[{"start":{"line":98,"column":20},"end":{"line":98,"column":48}},{"start":{"line":98,"column":52},"end":{"line":98,"column":66}}],"line":98},"27":{"loc":{"start":{"line":103,"column":16},"end":{"line":105,"column":17}},"type":"if","locations":[{"start":{"line":103,"column":16},"end":{"line":105,"column":17}},{"start":{},"end":{}}],"line":103}},"s":{"0":8,"1":2,"2":1,"3":14,"4":2,"5":2,"6":0,"7":0,"8":0,"9":0,"10":16,"11":14,"12":8,"13":8,"14":8,"15":8,"16":4,"17":4,"18":0,"19":0,"20":4,"21":4,"22":4,"23":4,"24":4,"25":4,"26":1,"27":4,"28":0,"29":4,"30":1,"31":4,"32":0,"33":0,"34":4,"35":4,"36":4,"37":4,"38":1,"39":4,"40":1,"41":4,"42":0,"43":4,"44":1,"45":1,"46":1,"47":0,"48":0,"49":0,"50":0,"51":0,"52":0,"53":0,"54":0,"55":0,"56":0,"57":1,"58":1,"59":1,"60":1,"61":8},"f":{"0":14,"1":2,"2":1,"3":14,"4":2,"5":0,"6":16,"7":8,"8":4,"9":4,"10":0,"11":0,"12":4,"13":4,"14":4,"15":0,"16":4,"17":4,"18":4,"19":4,"20":1,"21":1,"22":1,"23":0,"24":0,"25":0,"26":0,"27":0,"28":1,"29":1},"b":{"0":[8,8,8],"1":[1,1],"2":[14,14],"3":[14,2],"4":[14,14],"5":[8,8,8],"6":[8,0],"7":[8,8],"8":[4,0],"9":[4,4],"10":[1,3],"11":[4,1],"12":[0,4],"13":[4,0],"14":[1,3],"15":[4,1],"16":[0,4],"17":[1,3],"18":[4,1],"19":[1,3],"20":[4,1],"21":[0,4],"22":[4,0],"23":[0,0],"24":[0,0],"25":[0,0],"26":[0,0],"27":[0,0]},"inputSourceMap":null,"_coverageSchema":"1a1c01bbd47fc00a2c39e90264f33305004495a9","hash":"1a34329928b94640ae8a1b5797252837e1a51b77"}
,"G:\\marcus\\Documents\\GitHub\\back-challenge-graphql\\src\\repositories\\UserKnexRepository.ts": {"path":"G:\\marcus\\Documents\\GitHub\\back-challenge-graphql\\src\\repositories\\UserKnexRepository.ts","statementMap":{"0":{"start":{"line":2,"column":16},"end":{"line":10,"column":1}},"1":{"start":{"line":3,"column":28},"end":{"line":3,"column":110}},"2":{"start":{"line":3,"column":91},"end":{"line":3,"column":106}},"3":{"start":{"line":4,"column":4},"end":{"line":9,"column":7}},"4":{"start":{"line":5,"column":36},"end":{"line":5,"column":97}},"5":{"start":{"line":5,"column":42},"end":{"line":5,"column":70}},"6":{"start":{"line":5,"column":85},"end":{"line":5,"column":95}},"7":{"start":{"line":6,"column":35},"end":{"line":6,"column":100}},"8":{"start":{"line":6,"column":41},"end":{"line":6,"column":73}},"9":{"start":{"line":6,"column":88},"end":{"line":6,"column":98}},"10":{"start":{"line":7,"column":32},"end":{"line":7,"column":116}},"11":{"start":{"line":8,"column":8},"end":{"line":8,"column":78}},"12":{"start":{"line":11,"column":22},"end":{"line":13,"column":1}},"13":{"start":{"line":12,"column":4},"end":{"line":12,"column":62}},"14":{"start":{"line":14,"column":0},"end":{"line":14,"column":62}},"15":{"start":{"line":15,"column":19},"end":{"line":15,"column":58}},"16":{"start":{"line":18,"column":8},"end":{"line":23,"column":11}},"17":{"start":{"line":19,"column":12},"end":{"line":22,"column":25}},"18":{"start":{"line":26,"column":8},"end":{"line":30,"column":11}},"19":{"start":{"line":27,"column":12},"end":{"line":29,"column":36}},"20":{"start":{"line":33,"column":8},"end":{"line":52,"column":11}},"21":{"start":{"line":34,"column":59},"end":{"line":34,"column":65}},"22":{"start":{"line":35,"column":12},"end":{"line":51,"column":30}},"23":{"start":{"line":38,"column":16},"end":{"line":40,"column":17}},"24":{"start":{"line":39,"column":20},"end":{"line":39,"column":47}},"25":{"start":{"line":41,"column":16},"end":{"line":43,"column":17}},"26":{"start":{"line":42,"column":20},"end":{"line":42,"column":68}},"27":{"start":{"line":44,"column":16},"end":{"line":46,"column":17}},"28":{"start":{"line":45,"column":20},"end":{"line":45,"column":70}},"29":{"start":{"line":47,"column":16},"end":{"line":49,"column":17}},"30":{"start":{"line":48,"column":20},"end":{"line":48,"column":88}},"31":{"start":{"line":48,"column":42},"end":{"line":48,"column":86}},"32":{"start":{"line":55,"column":8},"end":{"line":69,"column":11}},"33":{"start":{"line":56,"column":36},"end":{"line":56,"column":42}},"34":{"start":{"line":57,"column":12},"end":{"line":68,"column":46}},"35":{"start":{"line":60,"column":16},"end":{"line":62,"column":17}},"36":{"start":{"line":61,"column":20},"end":{"line":61,"column":68}},"37":{"start":{"line":63,"column":16},"end":{"line":65,"column":17}},"38":{"start":{"line":64,"column":20},"end":{"line":64,"column":70}},"39":{"start":{"line":68,"column":32},"end":{"line":68,"column":44}},"40":{"start":{"line":72,"column":8},"end":{"line":81,"column":11}},"41":{"start":{"line":73,"column":12},"end":{"line":80,"column":15}},"42":{"start":{"line":79,"column":16},"end":{"line":79,"column":40}},"43":{"start":{"line":84,"column":8},"end":{"line":103,"column":11}},"44":{"start":{"line":85,"column":12},"end":{"line":102,"column":15}},"45":{"start":{"line":88,"column":16},"end":{"line":90,"column":17}},"46":{"start":{"line":89,"column":20},"end":{"line":89,"column":54}},"47":{"start":{"line":91,"column":16},"end":{"line":93,"column":17}},"48":{"start":{"line":92,"column":20},"end":{"line":92,"column":56}},"49":{"start":{"line":96,"column":16},"end":{"line":98,"column":17}},"50":{"start":{"line":97,"column":20},"end":{"line":97,"column":55}},"51":{"start":{"line":99,"column":16},"end":{"line":99,"column":35}},"52":{"start":{"line":101,"column":16},"end":{"line":101,"column":36}},"53":{"start":{"line":106,"column":8},"end":{"line":110,"column":11}},"54":{"start":{"line":107,"column":25},"end":{"line":107,"column":43}},"55":{"start":{"line":108,"column":12},"end":{"line":108,"column":73}},"56":{"start":{"line":109,"column":12},"end":{"line":109,"column":24}},"57":{"start":{"line":113,"column":0},"end":{"line":113,"column":37}}},"fnMap":{"0":{"name":"(anonymous_0)","decl":{"start":{"line":2,"column":44},"end":{"line":2,"column":45}},"loc":{"start":{"line":2,"column":89},"end":{"line":10,"column":1}},"line":2},"1":{"name":"adopt","decl":{"start":{"line":3,"column":13},"end":{"line":3,"column":18}},"loc":{"start":{"line":3,"column":26},"end":{"line":3,"column":112}},"line":3},"2":{"name":"(anonymous_2)","decl":{"start":{"line":3,"column":70},"end":{"line":3,"column":71}},"loc":{"start":{"line":3,"column":89},"end":{"line":3,"column":108}},"line":3},"3":{"name":"(anonymous_3)","decl":{"start":{"line":4,"column":36},"end":{"line":4,"column":37}},"loc":{"start":{"line":4,"column":63},"end":{"line":9,"column":5}},"line":4},"4":{"name":"fulfilled","decl":{"start":{"line":5,"column":17},"end":{"line":5,"column":26}},"loc":{"start":{"line":5,"column":34},"end":{"line":5,"column":99}},"line":5},"5":{"name":"rejected","decl":{"start":{"line":6,"column":17},"end":{"line":6,"column":25}},"loc":{"start":{"line":6,"column":33},"end":{"line":6,"column":102}},"line":6},"6":{"name":"step","decl":{"start":{"line":7,"column":17},"end":{"line":7,"column":21}},"loc":{"start":{"line":7,"column":30},"end":{"line":7,"column":118}},"line":7},"7":{"name":"(anonymous_7)","decl":{"start":{"line":11,"column":56},"end":{"line":11,"column":57}},"loc":{"start":{"line":11,"column":71},"end":{"line":13,"column":1}},"line":11},"8":{"name":"(anonymous_8)","decl":{"start":{"line":17,"column":4},"end":{"line":17,"column":5}},"loc":{"start":{"line":17,"column":12},"end":{"line":24,"column":5}},"line":17},"9":{"name":"(anonymous_9)","decl":{"start":{"line":18,"column":47},"end":{"line":18,"column":48}},"loc":{"start":{"line":18,"column":60},"end":{"line":23,"column":9}},"line":18},"10":{"name":"(anonymous_10)","decl":{"start":{"line":25,"column":4},"end":{"line":25,"column":5}},"loc":{"start":{"line":25,"column":17},"end":{"line":31,"column":5}},"line":25},"11":{"name":"(anonymous_11)","decl":{"start":{"line":26,"column":47},"end":{"line":26,"column":48}},"loc":{"start":{"line":26,"column":60},"end":{"line":30,"column":9}},"line":26},"12":{"name":"(anonymous_12)","decl":{"start":{"line":32,"column":4},"end":{"line":32,"column":5}},"loc":{"start":{"line":32,"column":17},"end":{"line":53,"column":5}},"line":32},"13":{"name":"(anonymous_13)","decl":{"start":{"line":33,"column":47},"end":{"line":33,"column":48}},"loc":{"start":{"line":33,"column":60},"end":{"line":52,"column":9}},"line":33},"14":{"name":"(anonymous_14)","decl":{"start":{"line":37,"column":24},"end":{"line":37,"column":25}},"loc":{"start":{"line":37,"column":42},"end":{"line":50,"column":13}},"line":37},"15":{"name":"(anonymous_15)","decl":{"start":{"line":48,"column":36},"end":{"line":48,"column":37}},"loc":{"start":{"line":48,"column":42},"end":{"line":48,"column":86}},"line":48},"16":{"name":"(anonymous_16)","decl":{"start":{"line":54,"column":4},"end":{"line":54,"column":5}},"loc":{"start":{"line":54,"column":18},"end":{"line":70,"column":5}},"line":54},"17":{"name":"(anonymous_17)","decl":{"start":{"line":55,"column":47},"end":{"line":55,"column":48}},"loc":{"start":{"line":55,"column":60},"end":{"line":69,"column":9}},"line":55},"18":{"name":"(anonymous_18)","decl":{"start":{"line":59,"column":24},"end":{"line":59,"column":25}},"loc":{"start":{"line":59,"column":42},"end":{"line":66,"column":13}},"line":59},"19":{"name":"(anonymous_19)","decl":{"start":{"line":68,"column":22},"end":{"line":68,"column":23}},"loc":{"start":{"line":68,"column":32},"end":{"line":68,"column":44}},"line":68},"20":{"name":"(anonymous_20)","decl":{"start":{"line":71,"column":4},"end":{"line":71,"column":5}},"loc":{"start":{"line":71,"column":19},"end":{"line":82,"column":5}},"line":71},"21":{"name":"(anonymous_21)","decl":{"start":{"line":72,"column":47},"end":{"line":72,"column":48}},"loc":{"start":{"line":72,"column":60},"end":{"line":81,"column":9}},"line":72},"22":{"name":"(anonymous_22)","decl":{"start":{"line":78,"column":22},"end":{"line":78,"column":23}},"loc":{"start":{"line":78,"column":29},"end":{"line":80,"column":13}},"line":78},"23":{"name":"(anonymous_23)","decl":{"start":{"line":83,"column":4},"end":{"line":83,"column":5}},"loc":{"start":{"line":83,"column":28},"end":{"line":104,"column":5}},"line":83},"24":{"name":"(anonymous_24)","decl":{"start":{"line":84,"column":47},"end":{"line":84,"column":48}},"loc":{"start":{"line":84,"column":60},"end":{"line":103,"column":9}},"line":84},"25":{"name":"(anonymous_25)","decl":{"start":{"line":87,"column":24},"end":{"line":87,"column":25}},"loc":{"start":{"line":87,"column":42},"end":{"line":94,"column":13}},"line":87},"26":{"name":"(anonymous_26)","decl":{"start":{"line":95,"column":22},"end":{"line":95,"column":23}},"loc":{"start":{"line":95,"column":37},"end":{"line":100,"column":13}},"line":95},"27":{"name":"(anonymous_27)","decl":{"start":{"line":100,"column":20},"end":{"line":100,"column":21}},"loc":{"start":{"line":100,"column":26},"end":{"line":102,"column":13}},"line":100},"28":{"name":"(anonymous_28)","decl":{"start":{"line":105,"column":4},"end":{"line":105,"column":5}},"loc":{"start":{"line":105,"column":15},"end":{"line":111,"column":5}},"line":105},"29":{"name":"(anonymous_29)","decl":{"start":{"line":106,"column":47},"end":{"line":106,"column":48}},"loc":{"start":{"line":106,"column":60},"end":{"line":110,"column":9}},"line":106}},"branchMap":{"0":{"loc":{"start":{"line":2,"column":16},"end":{"line":10,"column":1}},"type":"binary-expr","locations":[{"start":{"line":2,"column":17},"end":{"line":2,"column":21}},{"start":{"line":2,"column":25},"end":{"line":2,"column":39}},{"start":{"line":2,"column":44},"end":{"line":10,"column":1}}],"line":2},"1":{"loc":{"start":{"line":3,"column":35},"end":{"line":3,"column":109}},"type":"cond-expr","locations":[{"start":{"line":3,"column":56},"end":{"line":3,"column":61}},{"start":{"line":3,"column":64},"end":{"line":3,"column":109}}],"line":3},"2":{"loc":{"start":{"line":4,"column":16},"end":{"line":4,"column":34}},"type":"binary-expr","locations":[{"start":{"line":4,"column":16},"end":{"line":4,"column":17}},{"start":{"line":4,"column":22},"end":{"line":4,"column":33}}],"line":4},"3":{"loc":{"start":{"line":7,"column":32},"end":{"line":7,"column":115}},"type":"cond-expr","locations":[{"start":{"line":7,"column":46},"end":{"line":7,"column":67}},{"start":{"line":7,"column":70},"end":{"line":7,"column":115}}],"line":7},"4":{"loc":{"start":{"line":8,"column":51},"end":{"line":8,"column":67}},"type":"binary-expr","locations":[{"start":{"line":8,"column":51},"end":{"line":8,"column":61}},{"start":{"line":8,"column":65},"end":{"line":8,"column":67}}],"line":8},"5":{"loc":{"start":{"line":11,"column":22},"end":{"line":13,"column":1}},"type":"binary-expr","locations":[{"start":{"line":11,"column":23},"end":{"line":11,"column":27}},{"start":{"line":11,"column":31},"end":{"line":11,"column":51}},{"start":{"line":11,"column":56},"end":{"line":13,"column":1}}],"line":11},"6":{"loc":{"start":{"line":12,"column":11},"end":{"line":12,"column":61}},"type":"cond-expr","locations":[{"start":{"line":12,"column":37},"end":{"line":12,"column":40}},{"start":{"line":12,"column":43},"end":{"line":12,"column":61}}],"line":12},"7":{"loc":{"start":{"line":12,"column":12},"end":{"line":12,"column":33}},"type":"binary-expr","locations":[{"start":{"line":12,"column":12},"end":{"line":12,"column":15}},{"start":{"line":12,"column":19},"end":{"line":12,"column":33}}],"line":12},"8":{"loc":{"start":{"line":38,"column":16},"end":{"line":40,"column":17}},"type":"if","locations":[{"start":{"line":38,"column":16},"end":{"line":40,"column":17}},{"start":{},"end":{}}],"line":38},"9":{"loc":{"start":{"line":38,"column":20},"end":{"line":38,"column":66}},"type":"binary-expr","locations":[{"start":{"line":38,"column":20},"end":{"line":38,"column":48}},{"start":{"line":38,"column":52},"end":{"line":38,"column":66}}],"line":38},"10":{"loc":{"start":{"line":41,"column":16},"end":{"line":43,"column":17}},"type":"if","locations":[{"start":{"line":41,"column":16},"end":{"line":43,"column":17}},{"start":{},"end":{}}],"line":41},"11":{"loc":{"start":{"line":41,"column":20},"end":{"line":41,"column":64}},"type":"binary-expr","locations":[{"start":{"line":41,"column":20},"end":{"line":41,"column":47}},{"start":{"line":41,"column":51},"end":{"line":41,"column":64}}],"line":41},"12":{"loc":{"start":{"line":44,"column":16},"end":{"line":46,"column":17}},"type":"if","locations":[{"start":{"line":44,"column":16},"end":{"line":46,"column":17}},{"start":{},"end":{}}],"line":44},"13":{"loc":{"start":{"line":44,"column":20},"end":{"line":44,"column":66}},"type":"binary-expr","locations":[{"start":{"line":44,"column":20},"end":{"line":44,"column":48}},{"start":{"line":44,"column":52},"end":{"line":44,"column":66}}],"line":44},"14":{"loc":{"start":{"line":47,"column":16},"end":{"line":49,"column":17}},"type":"if","locations":[{"start":{"line":47,"column":16},"end":{"line":49,"column":17}},{"start":{},"end":{}}],"line":47},"15":{"loc":{"start":{"line":60,"column":16},"end":{"line":62,"column":17}},"type":"if","locations":[{"start":{"line":60,"column":16},"end":{"line":62,"column":17}},{"start":{},"end":{}}],"line":60},"16":{"loc":{"start":{"line":60,"column":20},"end":{"line":60,"column":64}},"type":"binary-expr","locations":[{"start":{"line":60,"column":20},"end":{"line":60,"column":47}},{"start":{"line":60,"column":51},"end":{"line":60,"column":64}}],"line":60},"17":{"loc":{"start":{"line":63,"column":16},"end":{"line":65,"column":17}},"type":"if","locations":[{"start":{"line":63,"column":16},"end":{"line":65,"column":17}},{"start":{},"end":{}}],"line":63},"18":{"loc":{"start":{"line":63,"column":20},"end":{"line":63,"column":66}},"type":"binary-expr","locations":[{"start":{"line":63,"column":20},"end":{"line":63,"column":48}},{"start":{"line":63,"column":52},"end":{"line":63,"column":66}}],"line":63},"19":{"loc":{"start":{"line":88,"column":16},"end":{"line":90,"column":17}},"type":"if","locations":[{"start":{"line":88,"column":16},"end":{"line":90,"column":17}},{"start":{},"end":{}}],"line":88},"20":{"loc":{"start":{"line":88,"column":20},"end":{"line":88,"column":64}},"type":"binary-expr","locations":[{"start":{"line":88,"column":20},"end":{"line":88,"column":47}},{"start":{"line":88,"column":51},"end":{"line":88,"column":64}}],"line":88},"21":{"loc":{"start":{"line":91,"column":16},"end":{"line":93,"column":17}},"type":"if","locations":[{"start":{"line":91,"column":16},"end":{"line":93,"column":17}},{"start":{},"end":{}}],"line":91},"22":{"loc":{"start":{"line":91,"column":20},"end":{"line":91,"column":66}},"type":"binary-expr","locations":[{"start":{"line":91,"column":20},"end":{"line":91,"column":48}},{"start":{"line":91,"column":52},"end":{"line":91,"column":66}}],"line":91},"23":{"loc":{"start":{"line":96,"column":16},"end":{"line":98,"column":17}},"type":"if","locations":[{"start":{"line":96,"column":16},"end":{"line":98,"column":17}},{"start":{},"end":{}}],"line":96}},"s":{"0":8,"1":2,"2":1,"3":12,"4":2,"5":2,"6":0,"7":0,"8":0,"9":0,"10":14,"11":12,"12":8,"13":8,"14":8,"15":8,"16":4,"17":4,"18":2,"19":2,"20":2,"21":2,"22":2,"23":2,"24":2,"25":2,"26":1,"27":2,"28":1,"29":2,"30":0,"31":0,"32":2,"33":2,"34":2,"35":2,"36":1,"37":2,"38":1,"39":2,"40":1,"41":1,"42":1,"43":0,"44":0,"45":0,"46":0,"47":0,"48":0,"49":0,"50":0,"51":0,"52":0,"53":1,"54":1,"55":1,"56":1,"57":8},"f":{"0":12,"1":2,"2":1,"3":12,"4":2,"5":0,"6":14,"7":8,"8":4,"9":4,"10":2,"11":2,"12":2,"13":2,"14":2,"15":0,"16":2,"17":2,"18":2,"19":2,"20":1,"21":1,"22":1,"23":0,"24":0,"25":0,"26":0,"27":0,"28":1,"29":1},"b":{"0":[8,8,8],"1":[1,1],"2":[12,12],"3":[12,2],"4":[12,12],"5":[8,8,8],"6":[8,0],"7":[8,8],"8":[2,0],"9":[2,2],"10":[1,1],"11":[2,1],"12":[1,1],"13":[2,1],"14":[0,2],"15":[1,1],"16":[2,1],"17":[1,1],"18":[2,1],"19":[0,0],"20":[0,0],"21":[0,0],"22":[0,0],"23":[0,0]},"inputSourceMap":null,"_coverageSchema":"1a1c01bbd47fc00a2c39e90264f33305004495a9","hash":"59d85a7620421ef5357b26c9a8886230eb09f958"}
,"G:\\marcus\\Documents\\GitHub\\back-challenge-graphql\\src\\schema\\index.ts": {"path":"G:\\marcus\\Documents\\GitHub\\back-challenge-graphql\\src\\schema\\index.ts","statementMap":{"0":{"start":{"line":2,"column":22},"end":{"line":4,"column":1}},"1":{"start":{"line":3,"column":4},"end":{"line":3,"column":62}},"2":{"start":{"line":5,"column":0},"end":{"line":5,"column":62}},"3":{"start":{"line":6,"column":18},"end":{"line":6,"column":36}},"4":{"start":{"line":7,"column":19},"end":{"line":7,"column":57}},"5":{"start":{"line":8,"column":16},"end":{"line":8,"column":51}},"6":{"start":{"line":9,"column":0},"end":{"line":12,"column":3}}},"fnMap":{"0":{"name":"(anonymous_0)","decl":{"start":{"line":2,"column":56},"end":{"line":2,"column":57}},"loc":{"start":{"line":2,"column":71},"end":{"line":4,"column":1}},"line":2}},"branchMap":{"0":{"loc":{"start":{"line":2,"column":22},"end":{"line":4,"column":1}},"type":"binary-expr","locations":[{"start":{"line":2,"column":23},"end":{"line":2,"column":27}},{"start":{"line":2,"column":31},"end":{"line":2,"column":51}},{"start":{"line":2,"column":56},"end":{"line":4,"column":1}}],"line":2},"1":{"loc":{"start":{"line":3,"column":11},"end":{"line":3,"column":61}},"type":"cond-expr","locations":[{"start":{"line":3,"column":37},"end":{"line":3,"column":40}},{"start":{"line":3,"column":43},"end":{"line":3,"column":61}}],"line":3},"2":{"loc":{"start":{"line":3,"column":12},"end":{"line":3,"column":33}},"type":"binary-expr","locations":[{"start":{"line":3,"column":12},"end":{"line":3,"column":15}},{"start":{"line":3,"column":19},"end":{"line":3,"column":33}}],"line":3}},"s":{"0":8,"1":16,"2":8,"3":8,"4":8,"5":8,"6":8},"f":{"0":16},"b":{"0":[8,8,8],"1":[16,0],"2":[16,16]},"inputSourceMap":null,"_coverageSchema":"1a1c01bbd47fc00a2c39e90264f33305004495a9","hash":"60c97cab1b2cd4ab1917feb3077226380b6b19ac"}
,"G:\\marcus\\Documents\\GitHub\\back-challenge-graphql\\src\\schema\\mutation.ts": {"path":"G:\\marcus\\Documents\\GitHub\\back-challenge-graphql\\src\\schema\\mutation.ts","statementMap":{"0":{"start":{"line":2,"column":22},"end":{"line":4,"column":1}},"1":{"start":{"line":3,"column":4},"end":{"line":3,"column":62}},"2":{"start":{"line":5,"column":0},"end":{"line":5,"column":62}},"3":{"start":{"line":6,"column":18},"end":{"line":6,"column":36}},"4":{"start":{"line":7,"column":21},"end":{"line":7,"column":71}},"5":{"start":{"line":8,"column":21},"end":{"line":8,"column":71}},"6":{"start":{"line":9,"column":21},"end":{"line":9,"column":71}},"7":{"start":{"line":10,"column":24},"end":{"line":10,"column":77}},"8":{"start":{"line":11,"column":24},"end":{"line":11,"column":77}},"9":{"start":{"line":12,"column":24},"end":{"line":12,"column":77}},"10":{"start":{"line":13,"column":17},"end":{"line":23,"column":2}},"11":{"start":{"line":15,"column":19},"end":{"line":22,"column":5}},"12":{"start":{"line":24,"column":0},"end":{"line":24,"column":27}}},"fnMap":{"0":{"name":"(anonymous_0)","decl":{"start":{"line":2,"column":56},"end":{"line":2,"column":57}},"loc":{"start":{"line":2,"column":71},"end":{"line":4,"column":1}},"line":2},"1":{"name":"(anonymous_1)","decl":{"start":{"line":15,"column":12},"end":{"line":15,"column":13}},"loc":{"start":{"line":15,"column":19},"end":{"line":22,"column":5}},"line":15}},"branchMap":{"0":{"loc":{"start":{"line":2,"column":22},"end":{"line":4,"column":1}},"type":"binary-expr","locations":[{"start":{"line":2,"column":23},"end":{"line":2,"column":27}},{"start":{"line":2,"column":31},"end":{"line":2,"column":51}},{"start":{"line":2,"column":56},"end":{"line":4,"column":1}}],"line":2},"1":{"loc":{"start":{"line":3,"column":11},"end":{"line":3,"column":61}},"type":"cond-expr","locations":[{"start":{"line":3,"column":37},"end":{"line":3,"column":40}},{"start":{"line":3,"column":43},"end":{"line":3,"column":61}}],"line":3},"2":{"loc":{"start":{"line":3,"column":12},"end":{"line":3,"column":33}},"type":"binary-expr","locations":[{"start":{"line":3,"column":12},"end":{"line":3,"column":15}},{"start":{"line":3,"column":19},"end":{"line":3,"column":33}}],"line":3}},"s":{"0":8,"1":48,"2":8,"3":8,"4":8,"5":8,"6":8,"7":8,"8":8,"9":8,"10":8,"11":8,"12":8},"f":{"0":48,"1":8},"b":{"0":[8,8,8],"1":[48,0],"2":[48,48]},"inputSourceMap":null,"_coverageSchema":"1a1c01bbd47fc00a2c39e90264f33305004495a9","hash":"20481d90b5eac462eb3b37db47b04e7c05340d3c"}
,"G:\\marcus\\Documents\\GitHub\\back-challenge-graphql\\src\\schema\\query.ts": {"path":"G:\\marcus\\Documents\\GitHub\\back-challenge-graphql\\src\\schema\\query.ts","statementMap":{"0":{"start":{"line":2,"column":22},"end":{"line":4,"column":1}},"1":{"start":{"line":3,"column":4},"end":{"line":3,"column":62}},"2":{"start":{"line":5,"column":0},"end":{"line":5,"column":62}},"3":{"start":{"line":6,"column":18},"end":{"line":6,"column":36}},"4":{"start":{"line":7,"column":15},"end":{"line":7,"column":57}},"5":{"start":{"line":8,"column":16},"end":{"line":8,"column":59}},"6":{"start":{"line":9,"column":18},"end":{"line":9,"column":63}},"7":{"start":{"line":10,"column":19},"end":{"line":10,"column":65}},"8":{"start":{"line":11,"column":14},"end":{"line":19,"column":2}},"9":{"start":{"line":13,"column":19},"end":{"line":18,"column":5}},"10":{"start":{"line":20,"column":0},"end":{"line":20,"column":24}}},"fnMap":{"0":{"name":"(anonymous_0)","decl":{"start":{"line":2,"column":56},"end":{"line":2,"column":57}},"loc":{"start":{"line":2,"column":71},"end":{"line":4,"column":1}},"line":2},"1":{"name":"(anonymous_1)","decl":{"start":{"line":13,"column":12},"end":{"line":13,"column":13}},"loc":{"start":{"line":13,"column":19},"end":{"line":18,"column":5}},"line":13}},"branchMap":{"0":{"loc":{"start":{"line":2,"column":22},"end":{"line":4,"column":1}},"type":"binary-expr","locations":[{"start":{"line":2,"column":23},"end":{"line":2,"column":27}},{"start":{"line":2,"column":31},"end":{"line":2,"column":51}},{"start":{"line":2,"column":56},"end":{"line":4,"column":1}}],"line":2},"1":{"loc":{"start":{"line":3,"column":11},"end":{"line":3,"column":61}},"type":"cond-expr","locations":[{"start":{"line":3,"column":37},"end":{"line":3,"column":40}},{"start":{"line":3,"column":43},"end":{"line":3,"column":61}}],"line":3},"2":{"loc":{"start":{"line":3,"column":12},"end":{"line":3,"column":33}},"type":"binary-expr","locations":[{"start":{"line":3,"column":12},"end":{"line":3,"column":15}},{"start":{"line":3,"column":19},"end":{"line":3,"column":33}}],"line":3}},"s":{"0":8,"1":32,"2":8,"3":8,"4":8,"5":8,"6":8,"7":8,"8":8,"9":8,"10":8},"f":{"0":32,"1":8},"b":{"0":[8,8,8],"1":[32,0],"2":[32,32]},"inputSourceMap":null,"_coverageSchema":"1a1c01bbd47fc00a2c39e90264f33305004495a9","hash":"3fabc0b5c70321c42cf2788894ea4bdc0e677c2e"}
,"G:\\marcus\\Documents\\GitHub\\back-challenge-graphql\\src\\schema\\mutations\\createProject.ts": {"path":"G:\\marcus\\Documents\\GitHub\\back-challenge-graphql\\src\\schema\\mutations\\createProject.ts","statementMap":{"0":{"start":{"line":2,"column":22},"end":{"line":4,"column":1}},"1":{"start":{"line":3,"column":4},"end":{"line":3,"column":62}},"2":{"start":{"line":5,"column":0},"end":{"line":5,"column":62}},"3":{"start":{"line":6,"column":18},"end":{"line":6,"column":36}},"4":{"start":{"line":7,"column":18},"end":{"line":7,"column":62}},"5":{"start":{"line":8,"column":21},"end":{"line":8,"column":75}},"6":{"start":{"line":9,"column":19},"end":{"line":19,"column":1}},"7":{"start":{"line":17,"column":8},"end":{"line":17,"column":58}},"8":{"start":{"line":20,"column":0},"end":{"line":20,"column":29}}},"fnMap":{"0":{"name":"(anonymous_0)","decl":{"start":{"line":2,"column":56},"end":{"line":2,"column":57}},"loc":{"start":{"line":2,"column":71},"end":{"line":4,"column":1}},"line":2},"1":{"name":"(anonymous_1)","decl":{"start":{"line":16,"column":13},"end":{"line":16,"column":14}},"loc":{"start":{"line":16,"column":40},"end":{"line":18,"column":5}},"line":16}},"branchMap":{"0":{"loc":{"start":{"line":2,"column":22},"end":{"line":4,"column":1}},"type":"binary-expr","locations":[{"start":{"line":2,"column":23},"end":{"line":2,"column":27}},{"start":{"line":2,"column":31},"end":{"line":2,"column":51}},{"start":{"line":2,"column":56},"end":{"line":4,"column":1}}],"line":2},"1":{"loc":{"start":{"line":3,"column":11},"end":{"line":3,"column":61}},"type":"cond-expr","locations":[{"start":{"line":3,"column":37},"end":{"line":3,"column":40}},{"start":{"line":3,"column":43},"end":{"line":3,"column":61}}],"line":3},"2":{"loc":{"start":{"line":3,"column":12},"end":{"line":3,"column":33}},"type":"binary-expr","locations":[{"start":{"line":3,"column":12},"end":{"line":3,"column":15}},{"start":{"line":3,"column":19},"end":{"line":3,"column":33}}],"line":3}},"s":{"0":8,"1":16,"2":8,"3":8,"4":8,"5":8,"6":8,"7":1,"8":8},"f":{"0":16,"1":1},"b":{"0":[8,8,8],"1":[16,0],"2":[16,16]},"inputSourceMap":null,"_coverageSchema":"1a1c01bbd47fc00a2c39e90264f33305004495a9","hash":"d87ad3867b3318bdb3451a63cbab2e2adf054bb4"}
,"G:\\marcus\\Documents\\GitHub\\back-challenge-graphql\\src\\schema\\mutations\\createUser.ts": {"path":"G:\\marcus\\Documents\\GitHub\\back-challenge-graphql\\src\\schema\\mutations\\createUser.ts","statementMap":{"0":{"start":{"line":2,"column":22},"end":{"line":4,"column":1}},"1":{"start":{"line":3,"column":4},"end":{"line":3,"column":62}},"2":{"start":{"line":5,"column":0},"end":{"line":5,"column":62}},"3":{"start":{"line":6,"column":18},"end":{"line":6,"column":36}},"4":{"start":{"line":7,"column":15},"end":{"line":7,"column":56}},"5":{"start":{"line":8,"column":18},"end":{"line":8,"column":69}},"6":{"start":{"line":9,"column":19},"end":{"line":19,"column":1}},"7":{"start":{"line":17,"column":8},"end":{"line":17,"column":55}},"8":{"start":{"line":20,"column":0},"end":{"line":20,"column":29}}},"fnMap":{"0":{"name":"(anonymous_0)","decl":{"start":{"line":2,"column":56},"end":{"line":2,"column":57}},"loc":{"start":{"line":2,"column":71},"end":{"line":4,"column":1}},"line":2},"1":{"name":"(anonymous_1)","decl":{"start":{"line":16,"column":13},"end":{"line":16,"column":14}},"loc":{"start":{"line":16,"column":40},"end":{"line":18,"column":5}},"line":16}},"branchMap":{"0":{"loc":{"start":{"line":2,"column":22},"end":{"line":4,"column":1}},"type":"binary-expr","locations":[{"start":{"line":2,"column":23},"end":{"line":2,"column":27}},{"start":{"line":2,"column":31},"end":{"line":2,"column":51}},{"start":{"line":2,"column":56},"end":{"line":4,"column":1}}],"line":2},"1":{"loc":{"start":{"line":3,"column":11},"end":{"line":3,"column":61}},"type":"cond-expr","locations":[{"start":{"line":3,"column":37},"end":{"line":3,"column":40}},{"start":{"line":3,"column":43},"end":{"line":3,"column":61}}],"line":3},"2":{"loc":{"start":{"line":3,"column":12},"end":{"line":3,"column":33}},"type":"binary-expr","locations":[{"start":{"line":3,"column":12},"end":{"line":3,"column":15}},{"start":{"line":3,"column":19},"end":{"line":3,"column":33}}],"line":3}},"s":{"0":8,"1":16,"2":8,"3":8,"4":8,"5":8,"6":8,"7":1,"8":8},"f":{"0":16,"1":1},"b":{"0":[8,8,8],"1":[16,0],"2":[16,16]},"inputSourceMap":null,"_coverageSchema":"1a1c01bbd47fc00a2c39e90264f33305004495a9","hash":"38141e757076b4b3136ccc02c49b6754ecfd7356"}
,"G:\\marcus\\Documents\\GitHub\\back-challenge-graphql\\src\\schema\\mutations\\deleteProject.ts": {"path":"G:\\marcus\\Documents\\GitHub\\back-challenge-graphql\\src\\schema\\mutations\\deleteProject.ts","statementMap":{"0":{"start":{"line":2,"column":22},"end":{"line":4,"column":1}},"1":{"start":{"line":3,"column":4},"end":{"line":3,"column":62}},"2":{"start":{"line":5,"column":0},"end":{"line":5,"column":62}},"3":{"start":{"line":6,"column":18},"end":{"line":6,"column":36}},"4":{"start":{"line":7,"column":18},"end":{"line":7,"column":62}},"5":{"start":{"line":8,"column":21},"end":{"line":8,"column":75}},"6":{"start":{"line":9,"column":19},"end":{"line":19,"column":1}},"7":{"start":{"line":17,"column":8},"end":{"line":17,"column":61}},"8":{"start":{"line":20,"column":0},"end":{"line":20,"column":29}}},"fnMap":{"0":{"name":"(anonymous_0)","decl":{"start":{"line":2,"column":56},"end":{"line":2,"column":57}},"loc":{"start":{"line":2,"column":71},"end":{"line":4,"column":1}},"line":2},"1":{"name":"(anonymous_1)","decl":{"start":{"line":16,"column":13},"end":{"line":16,"column":14}},"loc":{"start":{"line":16,"column":40},"end":{"line":18,"column":5}},"line":16}},"branchMap":{"0":{"loc":{"start":{"line":2,"column":22},"end":{"line":4,"column":1}},"type":"binary-expr","locations":[{"start":{"line":2,"column":23},"end":{"line":2,"column":27}},{"start":{"line":2,"column":31},"end":{"line":2,"column":51}},{"start":{"line":2,"column":56},"end":{"line":4,"column":1}}],"line":2},"1":{"loc":{"start":{"line":3,"column":11},"end":{"line":3,"column":61}},"type":"cond-expr","locations":[{"start":{"line":3,"column":37},"end":{"line":3,"column":40}},{"start":{"line":3,"column":43},"end":{"line":3,"column":61}}],"line":3},"2":{"loc":{"start":{"line":3,"column":12},"end":{"line":3,"column":33}},"type":"binary-expr","locations":[{"start":{"line":3,"column":12},"end":{"line":3,"column":15}},{"start":{"line":3,"column":19},"end":{"line":3,"column":33}}],"line":3}},"s":{"0":8,"1":16,"2":8,"3":8,"4":8,"5":8,"6":8,"7":1,"8":8},"f":{"0":16,"1":1},"b":{"0":[8,8,8],"1":[16,0],"2":[16,16]},"inputSourceMap":null,"_coverageSchema":"1a1c01bbd47fc00a2c39e90264f33305004495a9","hash":"b8b94e610fbff929860d11efa128029f229dab5e"}
,"G:\\marcus\\Documents\\GitHub\\back-challenge-graphql\\src\\schema\\mutations\\deleteUser.ts": {"path":"G:\\marcus\\Documents\\GitHub\\back-challenge-graphql\\src\\schema\\mutations\\deleteUser.ts","statementMap":{"0":{"start":{"line":2,"column":22},"end":{"line":4,"column":1}},"1":{"start":{"line":3,"column":4},"end":{"line":3,"column":62}},"2":{"start":{"line":5,"column":0},"end":{"line":5,"column":62}},"3":{"start":{"line":6,"column":18},"end":{"line":6,"column":36}},"4":{"start":{"line":7,"column":15},"end":{"line":7,"column":56}},"5":{"start":{"line":8,"column":21},"end":{"line":8,"column":75}},"6":{"start":{"line":9,"column":19},"end":{"line":19,"column":1}},"7":{"start":{"line":17,"column":8},"end":{"line":17,"column":58}},"8":{"start":{"line":20,"column":0},"end":{"line":20,"column":29}}},"fnMap":{"0":{"name":"(anonymous_0)","decl":{"start":{"line":2,"column":56},"end":{"line":2,"column":57}},"loc":{"start":{"line":2,"column":71},"end":{"line":4,"column":1}},"line":2},"1":{"name":"(anonymous_1)","decl":{"start":{"line":16,"column":13},"end":{"line":16,"column":14}},"loc":{"start":{"line":16,"column":40},"end":{"line":18,"column":5}},"line":16}},"branchMap":{"0":{"loc":{"start":{"line":2,"column":22},"end":{"line":4,"column":1}},"type":"binary-expr","locations":[{"start":{"line":2,"column":23},"end":{"line":2,"column":27}},{"start":{"line":2,"column":31},"end":{"line":2,"column":51}},{"start":{"line":2,"column":56},"end":{"line":4,"column":1}}],"line":2},"1":{"loc":{"start":{"line":3,"column":11},"end":{"line":3,"column":61}},"type":"cond-expr","locations":[{"start":{"line":3,"column":37},"end":{"line":3,"column":40}},{"start":{"line":3,"column":43},"end":{"line":3,"column":61}}],"line":3},"2":{"loc":{"start":{"line":3,"column":12},"end":{"line":3,"column":33}},"type":"binary-expr","locations":[{"start":{"line":3,"column":12},"end":{"line":3,"column":15}},{"start":{"line":3,"column":19},"end":{"line":3,"column":33}}],"line":3}},"s":{"0":8,"1":16,"2":8,"3":8,"4":8,"5":8,"6":8,"7":1,"8":8},"f":{"0":16,"1":1},"b":{"0":[8,8,8],"1":[16,0],"2":[16,16]},"inputSourceMap":null,"_coverageSchema":"1a1c01bbd47fc00a2c39e90264f33305004495a9","hash":"da12fd3308e9b0eeecd02cbd5bbae5aaa97cf10d"}
,"G:\\marcus\\Documents\\GitHub\\back-challenge-graphql\\src\\schema\\mutations\\updateProject.ts": {"path":"G:\\marcus\\Documents\\GitHub\\back-challenge-graphql\\src\\schema\\mutations\\updateProject.ts","statementMap":{"0":{"start":{"line":2,"column":22},"end":{"line":4,"column":1}},"1":{"start":{"line":3,"column":4},"end":{"line":3,"column":62}},"2":{"start":{"line":5,"column":0},"end":{"line":5,"column":62}},"3":{"start":{"line":6,"column":18},"end":{"line":6,"column":36}},"4":{"start":{"line":7,"column":18},"end":{"line":7,"column":62}},"5":{"start":{"line":8,"column":21},"end":{"line":8,"column":75}},"6":{"start":{"line":9,"column":16},"end":{"line":19,"column":1}},"7":{"start":{"line":17,"column":8},"end":{"line":17,"column":86}},"8":{"start":{"line":20,"column":0},"end":{"line":20,"column":26}}},"fnMap":{"0":{"name":"(anonymous_0)","decl":{"start":{"line":2,"column":56},"end":{"line":2,"column":57}},"loc":{"start":{"line":2,"column":71},"end":{"line":4,"column":1}},"line":2},"1":{"name":"(anonymous_1)","decl":{"start":{"line":16,"column":13},"end":{"line":16,"column":14}},"loc":{"start":{"line":16,"column":40},"end":{"line":18,"column":5}},"line":16}},"branchMap":{"0":{"loc":{"start":{"line":2,"column":22},"end":{"line":4,"column":1}},"type":"binary-expr","locations":[{"start":{"line":2,"column":23},"end":{"line":2,"column":27}},{"start":{"line":2,"column":31},"end":{"line":2,"column":51}},{"start":{"line":2,"column":56},"end":{"line":4,"column":1}}],"line":2},"1":{"loc":{"start":{"line":3,"column":11},"end":{"line":3,"column":61}},"type":"cond-expr","locations":[{"start":{"line":3,"column":37},"end":{"line":3,"column":40}},{"start":{"line":3,"column":43},"end":{"line":3,"column":61}}],"line":3},"2":{"loc":{"start":{"line":3,"column":12},"end":{"line":3,"column":33}},"type":"binary-expr","locations":[{"start":{"line":3,"column":12},"end":{"line":3,"column":15}},{"start":{"line":3,"column":19},"end":{"line":3,"column":33}}],"line":3}},"s":{"0":8,"1":16,"2":8,"3":8,"4":8,"5":8,"6":8,"7":0,"8":8},"f":{"0":16,"1":0},"b":{"0":[8,8,8],"1":[16,0],"2":[16,16]},"inputSourceMap":null,"_coverageSchema":"1a1c01bbd47fc00a2c39e90264f33305004495a9","hash":"977b9885999b6074882c73148368493973216725"}
,"G:\\marcus\\Documents\\GitHub\\back-challenge-graphql\\src\\schema\\mutations\\updateUser.ts": {"path":"G:\\marcus\\Documents\\GitHub\\back-challenge-graphql\\src\\schema\\mutations\\updateUser.ts","statementMap":{"0":{"start":{"line":2,"column":22},"end":{"line":4,"column":1}},"1":{"start":{"line":3,"column":4},"end":{"line":3,"column":62}},"2":{"start":{"line":5,"column":0},"end":{"line":5,"column":62}},"3":{"start":{"line":6,"column":18},"end":{"line":6,"column":36}},"4":{"start":{"line":7,"column":15},"end":{"line":7,"column":56}},"5":{"start":{"line":8,"column":18},"end":{"line":8,"column":69}},"6":{"start":{"line":9,"column":19},"end":{"line":19,"column":1}},"7":{"start":{"line":17,"column":8},"end":{"line":17,"column":83}},"8":{"start":{"line":20,"column":0},"end":{"line":20,"column":29}}},"fnMap":{"0":{"name":"(anonymous_0)","decl":{"start":{"line":2,"column":56},"end":{"line":2,"column":57}},"loc":{"start":{"line":2,"column":71},"end":{"line":4,"column":1}},"line":2},"1":{"name":"(anonymous_1)","decl":{"start":{"line":16,"column":13},"end":{"line":16,"column":14}},"loc":{"start":{"line":16,"column":40},"end":{"line":18,"column":5}},"line":16}},"branchMap":{"0":{"loc":{"start":{"line":2,"column":22},"end":{"line":4,"column":1}},"type":"binary-expr","locations":[{"start":{"line":2,"column":23},"end":{"line":2,"column":27}},{"start":{"line":2,"column":31},"end":{"line":2,"column":51}},{"start":{"line":2,"column":56},"end":{"line":4,"column":1}}],"line":2},"1":{"loc":{"start":{"line":3,"column":11},"end":{"line":3,"column":61}},"type":"cond-expr","locations":[{"start":{"line":3,"column":37},"end":{"line":3,"column":40}},{"start":{"line":3,"column":43},"end":{"line":3,"column":61}}],"line":3},"2":{"loc":{"start":{"line":3,"column":12},"end":{"line":3,"column":33}},"type":"binary-expr","locations":[{"start":{"line":3,"column":12},"end":{"line":3,"column":15}},{"start":{"line":3,"column":19},"end":{"line":3,"column":33}}],"line":3}},"s":{"0":8,"1":16,"2":8,"3":8,"4":8,"5":8,"6":8,"7":0,"8":8},"f":{"0":16,"1":0},"b":{"0":[8,8,8],"1":[16,0],"2":[16,16]},"inputSourceMap":null,"_coverageSchema":"1a1c01bbd47fc00a2c39e90264f33305004495a9","hash":"a1986892b582c3563185951d3a7769f680578711"}
,"G:\\marcus\\Documents\\GitHub\\back-challenge-graphql\\src\\schema\\queries\\nodesToEdges.ts": {"path":"G:\\marcus\\Documents\\GitHub\\back-challenge-graphql\\src\\schema\\queries\\nodesToEdges.ts","statementMap":{"0":{"start":{"line":2,"column":0},"end":{"line":2,"column":62}},"1":{"start":{"line":3,"column":0},"end":{"line":8,"column":2}},"2":{"start":{"line":4,"column":4},"end":{"line":7,"column":8}},"3":{"start":{"line":4,"column":39},"end":{"line":7,"column":5}}},"fnMap":{"0":{"name":"(anonymous_0)","decl":{"start":{"line":3,"column":18},"end":{"line":3,"column":19}},"loc":{"start":{"line":3,"column":36},"end":{"line":8,"column":1}},"line":3},"1":{"name":"(anonymous_1)","decl":{"start":{"line":4,"column":21},"end":{"line":4,"column":22}},"loc":{"start":{"line":4,"column":39},"end":{"line":7,"column":5}},"line":4}},"branchMap":{},"s":{"0":8,"1":8,"2":6,"3":13},"f":{"0":6,"1":13},"b":{},"inputSourceMap":null,"_coverageSchema":"1a1c01bbd47fc00a2c39e90264f33305004495a9","hash":"7ec158218995b54f80e036c863eee00ac248342a"}
,"G:\\marcus\\Documents\\GitHub\\back-challenge-graphql\\src\\schema\\queries\\project.ts": {"path":"G:\\marcus\\Documents\\GitHub\\back-challenge-graphql\\src\\schema\\queries\\project.ts","statementMap":{"0":{"start":{"line":2,"column":22},"end":{"line":4,"column":1}},"1":{"start":{"line":3,"column":4},"end":{"line":3,"column":62}},"2":{"start":{"line":5,"column":0},"end":{"line":5,"column":62}},"3":{"start":{"line":6,"column":18},"end":{"line":6,"column":36}},"4":{"start":{"line":7,"column":18},"end":{"line":7,"column":62}},"5":{"start":{"line":8,"column":16},"end":{"line":18,"column":1}},"6":{"start":{"line":16,"column":8},"end":{"line":16,"column":52}},"7":{"start":{"line":19,"column":0},"end":{"line":19,"column":26}}},"fnMap":{"0":{"name":"(anonymous_0)","decl":{"start":{"line":2,"column":56},"end":{"line":2,"column":57}},"loc":{"start":{"line":2,"column":71},"end":{"line":4,"column":1}},"line":2},"1":{"name":"(anonymous_1)","decl":{"start":{"line":15,"column":13},"end":{"line":15,"column":14}},"loc":{"start":{"line":15,"column":37},"end":{"line":17,"column":5}},"line":15}},"branchMap":{"0":{"loc":{"start":{"line":2,"column":22},"end":{"line":4,"column":1}},"type":"binary-expr","locations":[{"start":{"line":2,"column":23},"end":{"line":2,"column":27}},{"start":{"line":2,"column":31},"end":{"line":2,"column":51}},{"start":{"line":2,"column":56},"end":{"line":4,"column":1}}],"line":2},"1":{"loc":{"start":{"line":3,"column":11},"end":{"line":3,"column":61}},"type":"cond-expr","locations":[{"start":{"line":3,"column":37},"end":{"line":3,"column":40}},{"start":{"line":3,"column":43},"end":{"line":3,"column":61}}],"line":3},"2":{"loc":{"start":{"line":3,"column":12},"end":{"line":3,"column":33}},"type":"binary-expr","locations":[{"start":{"line":3,"column":12},"end":{"line":3,"column":15}},{"start":{"line":3,"column":19},"end":{"line":3,"column":33}}],"line":3}},"s":{"0":8,"1":8,"2":8,"3":8,"4":8,"5":8,"6":2,"7":8},"f":{"0":8,"1":2},"b":{"0":[8,8,8],"1":[8,0],"2":[8,8]},"inputSourceMap":null,"_coverageSchema":"1a1c01bbd47fc00a2c39e90264f33305004495a9","hash":"f18961a51b7161188448b769468432875ee071eb"}
,"G:\\marcus\\Documents\\GitHub\\back-challenge-graphql\\src\\schema\\queries\\projects.ts": {"path":"G:\\marcus\\Documents\\GitHub\\back-challenge-graphql\\src\\schema\\queries\\projects.ts","statementMap":{"0":{"start":{"line":2,"column":16},"end":{"line":10,"column":1}},"1":{"start":{"line":3,"column":28},"end":{"line":3,"column":110}},"2":{"start":{"line":3,"column":91},"end":{"line":3,"column":106}},"3":{"start":{"line":4,"column":4},"end":{"line":9,"column":7}},"4":{"start":{"line":5,"column":36},"end":{"line":5,"column":97}},"5":{"start":{"line":5,"column":42},"end":{"line":5,"column":70}},"6":{"start":{"line":5,"column":85},"end":{"line":5,"column":95}},"7":{"start":{"line":6,"column":35},"end":{"line":6,"column":100}},"8":{"start":{"line":6,"column":41},"end":{"line":6,"column":73}},"9":{"start":{"line":6,"column":88},"end":{"line":6,"column":98}},"10":{"start":{"line":7,"column":32},"end":{"line":7,"column":116}},"11":{"start":{"line":8,"column":8},"end":{"line":8,"column":78}},"12":{"start":{"line":11,"column":22},"end":{"line":13,"column":1}},"13":{"start":{"line":12,"column":4},"end":{"line":12,"column":62}},"14":{"start":{"line":14,"column":0},"end":{"line":14,"column":62}},"15":{"start":{"line":15,"column":18},"end":{"line":15,"column":36}},"16":{"start":{"line":16,"column":28},"end":{"line":16,"column":94}},"17":{"start":{"line":17,"column":23},"end":{"line":17,"column":65}},"18":{"start":{"line":18,"column":23},"end":{"line":18,"column":65}},"19":{"start":{"line":19,"column":24},"end":{"line":19,"column":81}},"20":{"start":{"line":20,"column":18},"end":{"line":20,"column":49}},"21":{"start":{"line":21,"column":0},"end":{"line":62,"column":2}},"22":{"start":{"line":44,"column":35},"end":{"line":61,"column":6}},"23":{"start":{"line":45,"column":22},"end":{"line":47,"column":22}},"24":{"start":{"line":48,"column":25},"end":{"line":54,"column":10}},"25":{"start":{"line":55,"column":30},"end":{"line":58,"column":10}},"26":{"start":{"line":59,"column":22},"end":{"line":59,"column":66}},"27":{"start":{"line":60,"column":8},"end":{"line":60,"column":105}}},"fnMap":{"0":{"name":"(anonymous_0)","decl":{"start":{"line":2,"column":44},"end":{"line":2,"column":45}},"loc":{"start":{"line":2,"column":89},"end":{"line":10,"column":1}},"line":2},"1":{"name":"adopt","decl":{"start":{"line":3,"column":13},"end":{"line":3,"column":18}},"loc":{"start":{"line":3,"column":26},"end":{"line":3,"column":112}},"line":3},"2":{"name":"(anonymous_2)","decl":{"start":{"line":3,"column":70},"end":{"line":3,"column":71}},"loc":{"start":{"line":3,"column":89},"end":{"line":3,"column":108}},"line":3},"3":{"name":"(anonymous_3)","decl":{"start":{"line":4,"column":36},"end":{"line":4,"column":37}},"loc":{"start":{"line":4,"column":63},"end":{"line":9,"column":5}},"line":4},"4":{"name":"fulfilled","decl":{"start":{"line":5,"column":17},"end":{"line":5,"column":26}},"loc":{"start":{"line":5,"column":34},"end":{"line":5,"column":99}},"line":5},"5":{"name":"rejected","decl":{"start":{"line":6,"column":17},"end":{"line":6,"column":25}},"loc":{"start":{"line":6,"column":33},"end":{"line":6,"column":102}},"line":6},"6":{"name":"step","decl":{"start":{"line":7,"column":17},"end":{"line":7,"column":21}},"loc":{"start":{"line":7,"column":30},"end":{"line":7,"column":118}},"line":7},"7":{"name":"(anonymous_7)","decl":{"start":{"line":11,"column":56},"end":{"line":11,"column":57}},"loc":{"start":{"line":11,"column":71},"end":{"line":13,"column":1}},"line":11},"8":{"name":"(anonymous_8)","decl":{"start":{"line":44,"column":13},"end":{"line":44,"column":14}},"loc":{"start":{"line":44,"column":35},"end":{"line":61,"column":6}},"line":44},"9":{"name":"(anonymous_9)","decl":{"start":{"line":44,"column":69},"end":{"line":44,"column":70}},"loc":{"start":{"line":44,"column":82},"end":{"line":61,"column":5}},"line":44}},"branchMap":{"0":{"loc":{"start":{"line":2,"column":16},"end":{"line":10,"column":1}},"type":"binary-expr","locations":[{"start":{"line":2,"column":17},"end":{"line":2,"column":21}},{"start":{"line":2,"column":25},"end":{"line":2,"column":39}},{"start":{"line":2,"column":44},"end":{"line":10,"column":1}}],"line":2},"1":{"loc":{"start":{"line":3,"column":35},"end":{"line":3,"column":109}},"type":"cond-expr","locations":[{"start":{"line":3,"column":56},"end":{"line":3,"column":61}},{"start":{"line":3,"column":64},"end":{"line":3,"column":109}}],"line":3},"2":{"loc":{"start":{"line":4,"column":16},"end":{"line":4,"column":34}},"type":"binary-expr","locations":[{"start":{"line":4,"column":16},"end":{"line":4,"column":17}},{"start":{"line":4,"column":22},"end":{"line":4,"column":33}}],"line":4},"3":{"loc":{"start":{"line":7,"column":32},"end":{"line":7,"column":115}},"type":"cond-expr","locations":[{"start":{"line":7,"column":46},"end":{"line":7,"column":67}},{"start":{"line":7,"column":70},"end":{"line":7,"column":115}}],"line":7},"4":{"loc":{"start":{"line":8,"column":51},"end":{"line":8,"column":67}},"type":"binary-expr","locations":[{"start":{"line":8,"column":51},"end":{"line":8,"column":61}},{"start":{"line":8,"column":65},"end":{"line":8,"column":67}}],"line":8},"5":{"loc":{"start":{"line":11,"column":22},"end":{"line":13,"column":1}},"type":"binary-expr","locations":[{"start":{"line":11,"column":23},"end":{"line":11,"column":27}},{"start":{"line":11,"column":31},"end":{"line":11,"column":51}},{"start":{"line":11,"column":56},"end":{"line":13,"column":1}}],"line":11},"6":{"loc":{"start":{"line":12,"column":11},"end":{"line":12,"column":61}},"type":"cond-expr","locations":[{"start":{"line":12,"column":37},"end":{"line":12,"column":40}},{"start":{"line":12,"column":43},"end":{"line":12,"column":61}}],"line":12},"7":{"loc":{"start":{"line":12,"column":12},"end":{"line":12,"column":33}},"type":"binary-expr","locations":[{"start":{"line":12,"column":12},"end":{"line":12,"column":15}},{"start":{"line":12,"column":19},"end":{"line":12,"column":33}}],"line":12},"8":{"loc":{"start":{"line":45,"column":22},"end":{"line":47,"column":22}},"type":"cond-expr","locations":[{"start":{"line":46,"column":12},"end":{"line":46,"column":13}},{"start":{"line":47,"column":12},"end":{"line":47,"column":22}}],"line":45},"9":{"loc":{"start":{"line":45,"column":22},"end":{"line":45,"column":78}},"type":"binary-expr","locations":[{"start":{"line":45,"column":22},"end":{"line":45,"column":55}},{"start":{"line":45,"column":59},"end":{"line":45,"column":78}}],"line":45}},"s":{"0":8,"1":6,"2":0,"3":3,"4":6,"5":6,"6":0,"7":0,"8":0,"9":0,"10":9,"11":3,"12":8,"13":32,"14":8,"15":8,"16":8,"17":8,"18":8,"19":8,"20":8,"21":8,"22":3,"23":3,"24":3,"25":3,"26":3,"27":3},"f":{"0":3,"1":6,"2":0,"3":3,"4":6,"5":0,"6":9,"7":32,"8":3,"9":3},"b":{"0":[8,8,8],"1":[6,0],"2":[3,3],"3":[3,6],"4":[3,3],"5":[8,8,8],"6":[32,0],"7":[32,32],"8":[0,3],"9":[3,3]},"inputSourceMap":null,"_coverageSchema":"1a1c01bbd47fc00a2c39e90264f33305004495a9","hash":"cd8773c4d7f956c9f5049e5003252d4c1d9669d6"}
,"G:\\marcus\\Documents\\GitHub\\back-challenge-graphql\\src\\schema\\queries\\toConnection.ts": {"path":"G:\\marcus\\Documents\\GitHub\\back-challenge-graphql\\src\\schema\\queries\\toConnection.ts","statementMap":{"0":{"start":{"line":2,"column":0},"end":{"line":2,"column":62}},"1":{"start":{"line":3,"column":0},"end":{"line":14,"column":2}},"2":{"start":{"line":4,"column":4},"end":{"line":13,"column":6}}},"fnMap":{"0":{"name":"(anonymous_0)","decl":{"start":{"line":3,"column":18},"end":{"line":3,"column":19}},"loc":{"start":{"line":3,"column":71},"end":{"line":14,"column":1}},"line":3}},"branchMap":{"0":{"loc":{"start":{"line":7,"column":23},"end":{"line":7,"column":81}},"type":"cond-expr","locations":[{"start":{"line":7,"column":44},"end":{"line":7,"column":48}},{"start":{"line":7,"column":51},"end":{"line":7,"column":81}}],"line":7},"1":{"loc":{"start":{"line":10,"column":25},"end":{"line":10,"column":68}},"type":"cond-expr","locations":[{"start":{"line":10,"column":46},"end":{"line":10,"column":50}},{"start":{"line":10,"column":53},"end":{"line":10,"column":68}}],"line":10}},"s":{"0":8,"1":8,"2":6},"f":{"0":6},"b":{"0":[0,6],"1":[0,6]},"inputSourceMap":null,"_coverageSchema":"1a1c01bbd47fc00a2c39e90264f33305004495a9","hash":"c06e3148278bb2108ad63f4c47e92046b15648d6"}
,"G:\\marcus\\Documents\\GitHub\\back-challenge-graphql\\src\\schema\\queries\\user.ts": {"path":"G:\\marcus\\Documents\\GitHub\\back-challenge-graphql\\src\\schema\\queries\\user.ts","statementMap":{"0":{"start":{"line":2,"column":22},"end":{"line":4,"column":1}},"1":{"start":{"line":3,"column":4},"end":{"line":3,"column":62}},"2":{"start":{"line":5,"column":0},"end":{"line":5,"column":62}},"3":{"start":{"line":6,"column":18},"end":{"line":6,"column":36}},"4":{"start":{"line":7,"column":15},"end":{"line":7,"column":56}},"5":{"start":{"line":8,"column":13},"end":{"line":18,"column":1}},"6":{"start":{"line":16,"column":8},"end":{"line":16,"column":49}},"7":{"start":{"line":19,"column":0},"end":{"line":19,"column":23}}},"fnMap":{"0":{"name":"(anonymous_0)","decl":{"start":{"line":2,"column":56},"end":{"line":2,"column":57}},"loc":{"start":{"line":2,"column":71},"end":{"line":4,"column":1}},"line":2},"1":{"name":"(anonymous_1)","decl":{"start":{"line":15,"column":13},"end":{"line":15,"column":14}},"loc":{"start":{"line":15,"column":37},"end":{"line":17,"column":5}},"line":15}},"branchMap":{"0":{"loc":{"start":{"line":2,"column":22},"end":{"line":4,"column":1}},"type":"binary-expr","locations":[{"start":{"line":2,"column":23},"end":{"line":2,"column":27}},{"start":{"line":2,"column":31},"end":{"line":2,"column":51}},{"start":{"line":2,"column":56},"end":{"line":4,"column":1}}],"line":2},"1":{"loc":{"start":{"line":3,"column":11},"end":{"line":3,"column":61}},"type":"cond-expr","locations":[{"start":{"line":3,"column":37},"end":{"line":3,"column":40}},{"start":{"line":3,"column":43},"end":{"line":3,"column":61}}],"line":3},"2":{"loc":{"start":{"line":3,"column":12},"end":{"line":3,"column":33}},"type":"binary-expr","locations":[{"start":{"line":3,"column":12},"end":{"line":3,"column":15}},{"start":{"line":3,"column":19},"end":{"line":3,"column":33}}],"line":3}},"s":{"0":8,"1":8,"2":8,"3":8,"4":8,"5":8,"6":2,"7":8},"f":{"0":8,"1":2},"b":{"0":[8,8,8],"1":[8,0],"2":[8,8]},"inputSourceMap":null,"_coverageSchema":"1a1c01bbd47fc00a2c39e90264f33305004495a9","hash":"0220ad21bba272e1d68aac8f0e70b1f95ffdc2c3"}
[...]
,"G:\\marcus\\Documents\\GitHub\\back-challenge-graphql\\src\\schema\\types\\connections\\projectConnection.ts": {"path":"G:\\marcus\\Documents\\GitHub\\back-challenge-graphql\\src\\schema\\types\\connections\\projectConnection.ts","statementMap":{"0":{"start":{"line":2,"column":22},"end":{"line":4,"column":1}},"1":{"start":{"line":3,"column":4},"end":{"line":3,"column":62}},"2":{"start":{"line":5,"column":0},"end":{"line":5,"column":62}},"3":{"start":{"line":6,"column":18},"end":{"line":6,"column":36}},"4":{"start":{"line":7,"column":19},"end":{"line":7,"column":58}},"5":{"start":{"line":8,"column":22},"end":{"line":8,"column":70}},"6":{"start":{"line":9,"column":26},"end":{"line":24,"column":2}},"7":{"start":{"line":25,"column":0},"end":{"line":25,"column":36}}},"fnMap":{"0":{"name":"(anonymous_0)","decl":{"start":{"line":2,"column":56},"end":{"line":2,"column":57}},"loc":{"start":{"line":2,"column":71},"end":{"line":4,"column":1}},"line":2}},"branchMap":{"0":{"loc":{"start":{"line":2,"column":22},"end":{"line":4,"column":1}},"type":"binary-expr","locations":[{"start":{"line":2,"column":23},"end":{"line":2,"column":27}},{"start":{"line":2,"column":31},"end":{"line":2,"column":51}},{"start":{"line":2,"column":56},"end":{"line":4,"column":1}}],"line":2},"1":{"loc":{"start":{"line":3,"column":11},"end":{"line":3,"column":61}},"type":"cond-expr","locations":[{"start":{"line":3,"column":37},"end":{"line":3,"column":40}},{"start":{"line":3,"column":43},"end":{"line":3,"column":61}}],"line":3},"2":{"loc":{"start":{"line":3,"column":12},"end":{"line":3,"column":33}},"type":"binary-expr","locations":[{"start":{"line":3,"column":12},"end":{"line":3,"column":15}},{"start":{"line":3,"column":19},"end":{"line":3,"column":33}}],"line":3}},"s":{"0":8,"1":16,"2":8,"3":8,"4":8,"5":8,"6":8,"7":8},"f":{"0":16},"b":{"0":[8,8,8],"1":[16,0],"2":[16,16]},"inputSourceMap":null,"_coverageSchema":"1a1c01bbd47fc00a2c39e90264f33305004495a9","hash":"bdce778314513b9f160eea23362c8241d8feed01"}
,"G:\\marcus\\Documents\\GitHub\\back-challenge-graphql\\src\\schema\\types\\connections\\userConnection.ts": {"path":"G:\\marcus\\Documents\\GitHub\\back-challenge-graphql\\src\\schema\\types\\connections\\userConnection.ts","statementMap":{"0":{"start":{"line":2,"column":22},"end":{"line":4,"column":1}},"1":{"start":{"line":3,"column":4},"end":{"line":3,"column":62}},"2":{"start":{"line":5,"column":0},"end":{"line":5,"column":62}},"3":{"start":{"line":6,"column":18},"end":{"line":6,"column":36}},"4":{"start":{"line":7,"column":19},"end":{"line":7,"column":58}},"5":{"start":{"line":8,"column":19},"end":{"line":8,"column":64}},"6":{"start":{"line":9,"column":23},"end":{"line":24,"column":2}},"7":{"start":{"line":25,"column":0},"end":{"line":25,"column":33}}},"fnMap":{"0":{"name":"(anonymous_0)","decl":{"start":{"line":2,"column":56},"end":{"line":2,"column":57}},"loc":{"start":{"line":2,"column":71},"end":{"line":4,"column":1}},"line":2}},"branchMap":{"0":{"loc":{"start":{"line":2,"column":22},"end":{"line":4,"column":1}},"type":"binary-expr","locations":[{"start":{"line":2,"column":23},"end":{"line":2,"column":27}},{"start":{"line":2,"column":31},"end":{"line":2,"column":51}},{"start":{"line":2,"column":56},"end":{"line":4,"column":1}}],"line":2},"1":{"loc":{"start":{"line":3,"column":11},"end":{"line":3,"column":61}},"type":"cond-expr","locations":[{"start":{"line":3,"column":37},"end":{"line":3,"column":40}},{"start":{"line":3,"column":43},"end":{"line":3,"column":61}}],"line":3},"2":{"loc":{"start":{"line":3,"column":12},"end":{"line":3,"column":33}},"type":"binary-expr","locations":[{"start":{"line":3,"column":12},"end":{"line":3,"column":15}},{"start":{"line":3,"column":19},"end":{"line":3,"column":33}}],"line":3}},"s":{"0":8,"1":16,"2":8,"3":8,"4":8,"5":8,"6":8,"7":8},"f":{"0":16},"b":{"0":[8,8,8],"1":[16,0],"2":[16,16]},"inputSourceMap":null,"_coverageSchema":"1a1c01bbd47fc00a2c39e90264f33305004495a9","hash":"3f7daf2ab3c517dc8d2633647ff86448e258e67d"}
,"G:\\marcus\\Documents\\GitHub\\back-challenge-graphql\\src\\schema\\types\\edges\\projectEdge.ts": {"path":"G:\\marcus\\Documents\\GitHub\\back-challenge-graphql\\src\\schema\\types\\edges\\projectEdge.ts","statementMap":{"0":{"start":{"line":2,"column":22},"end":{"line":4,"column":1}},"1":{"start":{"line":3,"column":4},"end":{"line":3,"column":62}},"2":{"start":{"line":5,"column":0},"end":{"line":5,"column":62}},"3":{"start":{"line":6,"column":18},"end":{"line":6,"column":36}},"4":{"start":{"line":7,"column":18},"end":{"line":7,"column":56}},"5":{"start":{"line":8,"column":20},"end":{"line":21,"column":2}},"6":{"start":{"line":22,"column":0},"end":{"line":22,"column":30}}},"fnMap":{"0":{"name":"(anonymous_0)","decl":{"start":{"line":2,"column":56},"end":{"line":2,"column":57}},"loc":{"start":{"line":2,"column":71},"end":{"line":4,"column":1}},"line":2}},"branchMap":{"0":{"loc":{"start":{"line":2,"column":22},"end":{"line":4,"column":1}},"type":"binary-expr","locations":[{"start":{"line":2,"column":23},"end":{"line":2,"column":27}},{"start":{"line":2,"column":31},"end":{"line":2,"column":51}},{"start":{"line":2,"column":56},"end":{"line":4,"column":1}}],"line":2},"1":{"loc":{"start":{"line":3,"column":11},"end":{"line":3,"column":61}},"type":"cond-expr","locations":[{"start":{"line":3,"column":37},"end":{"line":3,"column":40}},{"start":{"line":3,"column":43},"end":{"line":3,"column":61}}],"line":3},"2":{"loc":{"start":{"line":3,"column":12},"end":{"line":3,"column":33}},"type":"binary-expr","locations":[{"start":{"line":3,"column":12},"end":{"line":3,"column":15}},{"start":{"line":3,"column":19},"end":{"line":3,"column":33}}],"line":3}},"s":{"0":8,"1":8,"2":8,"3":8,"4":8,"5":8,"6":8},"f":{"0":8},"b":{"0":[8,8,8],"1":[8,0],"2":[8,8]},"inputSourceMap":null,"_coverageSchema":"1a1c01bbd47fc00a2c39e90264f33305004495a9","hash":"128054b065d4cff7f62a150097ebf7a35bd79e19"}
,"G:\\marcus\\Documents\\GitHub\\back-challenge-graphql\\src\\schema\\types\\edges\\userEdge.ts": {"path":"G:\\marcus\\Documents\\GitHub\\back-challenge-graphql\\src\\schema\\types\\edges\\userEdge.ts","statementMap":{"0":{"start":{"line":2,"column":22},"end":{"line":4,"column":1}},"1":{"start":{"line":3,"column":4},"end":{"line":3,"column":62}},"2":{"start":{"line":5,"column":0},"end":{"line":5,"column":62}},"3":{"start":{"line":6,"column":18},"end":{"line":6,"column":36}},"4":{"start":{"line":7,"column":15},"end":{"line":7,"column":50}},"5":{"start":{"line":8,"column":17},"end":{"line":21,"column":2}},"6":{"start":{"line":22,"column":0},"end":{"line":22,"column":27}}},"fnMap":{"0":{"name":"(anonymous_0)","decl":{"start":{"line":2,"column":56},"end":{"line":2,"column":57}},"loc":{"start":{"line":2,"column":71},"end":{"line":4,"column":1}},"line":2}},"branchMap":{"0":{"loc":{"start":{"line":2,"column":22},"end":{"line":4,"column":1}},"type":"binary-expr","locations":[{"start":{"line":2,"column":23},"end":{"line":2,"column":27}},{"start":{"line":2,"column":31},"end":{"line":2,"column":51}},{"start":{"line":2,"column":56},"end":{"line":4,"column":1}}],"line":2},"1":{"loc":{"start":{"line":3,"column":11},"end":{"line":3,"column":61}},"type":"cond-expr","locations":[{"start":{"line":3,"column":37},"end":{"line":3,"column":40}},{"start":{"line":3,"column":43},"end":{"line":3,"column":61}}],"line":3},"2":{"loc":{"start":{"line":3,"column":12},"end":{"line":3,"column":33}},"type":"binary-expr","locations":[{"start":{"line":3,"column":12},"end":{"line":3,"column":15}},{"start":{"line":3,"column":19},"end":{"line":3,"column":33}}],"line":3}},"s":{"0":8,"1":8,"2":8,"3":8,"4":8,"5":8,"6":8},"f":{"0":8},"b":{"0":[8,8,8],"1":[8,0],"2":[8,8]},"inputSourceMap":null,"_coverageSchema":"1a1c01bbd47fc00a2c39e90264f33305004495a9","hash":"889674fefcbab297b836666f3987f5dfd035e056"}
,"G:\\marcus\\Documents\\GitHub\\back-challenge-graphql\\src\\schema\\types\\enums\\direction.ts": {"path":"G:\\marcus\\Documents\\GitHub\\back-challenge-graphql\\src\\schema\\types\\enums\\direction.ts","statementMap":{"0":{"start":{"line":2,"column":0},"end":{"line":2,"column":62}},"1":{"start":{"line":3,"column":18},"end":{"line":3,"column":36}},"2":{"start":{"line":4,"column":0},"end":{"line":17,"column":3}}},"fnMap":{},"branchMap":{},"s":{"0":8,"1":8,"2":8},"f":{},"b":{},"inputSourceMap":null,"_coverageSchema":"1a1c01bbd47fc00a2c39e90264f33305004495a9","hash":"aa6001424681e81d1acb2e563ed53895ee7a2b0a"}
,"G:\\marcus\\Documents\\GitHub\\back-challenge-graphql\\src\\schema\\types\\enums\\projectsOrderField.ts": {"path":"G:\\marcus\\Documents\\GitHub\\back-challenge-graphql\\src\\schema\\types\\enums\\projectsOrderField.ts","statementMap":{"0":{"start":{"line":2,"column":0},"end":{"line":2,"column":62}},"1":{"start":{"line":3,"column":18},"end":{"line":3,"column":36}},"2":{"start":{"line":4,"column":0},"end":{"line":20,"column":3}}},"fnMap":{},"branchMap":{},"s":{"0":8,"1":8,"2":8},"f":{},"b":{},"inputSourceMap":null,"_coverageSchema":"1a1c01bbd47fc00a2c39e90264f33305004495a9","hash":"427252e963d162fdf3ea5f778933b2d6bb2f2865"}
,"G:\\marcus\\Documents\\GitHub\\back-challenge-graphql\\src\\schema\\types\\enums\\usersOrderField.ts": {"path":"G:\\marcus\\Documents\\GitHub\\back-challenge-graphql\\src\\schema\\types\\enums\\usersOrderField.ts","statementMap":{"0":{"start":{"line":2,"column":0},"end":{"line":2,"column":62}},"1":{"start":{"line":3,"column":18},"end":{"line":3,"column":36}},"2":{"start":{"line":4,"column":0},"end":{"line":20,"column":3}}},"fnMap":{},"branchMap":{},"s":{"0":8,"1":8,"2":8},"f":{},"b":{},"inputSourceMap":null,"_coverageSchema":"1a1c01bbd47fc00a2c39e90264f33305004495a9","hash":"3712ea9aad845848db94766738b7b848f026dc29"}
,"G:\\marcus\\Documents\\GitHub\\back-challenge-graphql\\src\\schema\\types\\inputs\\deleteUser.ts": {"path":"G:\\marcus\\Documents\\GitHub\\back-challenge-graphql\\src\\schema\\types\\inputs\\deleteUser.ts","statementMap":{"0":{"start":{"line":2,"column":0},"end":{"line":2,"column":62}},"1":{"start":{"line":3,"column":18},"end":{"line":3,"column":36}},"2":{"start":{"line":4,"column":24},"end":{"line":11,"column":2}},"3":{"start":{"line":12,"column":0},"end":{"line":12,"column":34}}},"fnMap":{},"branchMap":{},"s":{"0":8,"1":8,"2":8,"3":8},"f":{},"b":{},"inputSourceMap":null,"_coverageSchema":"1a1c01bbd47fc00a2c39e90264f33305004495a9","hash":"dd6d5c4ed1fa43786a0bf1bb88571e5620269477"}
,"G:\\marcus\\Documents\\GitHub\\back-challenge-graphql\\src\\schema\\types\\inputs\\newProject.ts": {"path":"G:\\marcus\\Documents\\GitHub\\back-challenge-graphql\\src\\schema\\types\\inputs\\newProject.ts","statementMap":{"0":{"start":{"line":2,"column":0},"end":{"line":2,"column":62}},"1":{"start":{"line":3,"column":18},"end":{"line":3,"column":36}},"2":{"start":{"line":4,"column":18},"end":{"line":4,"column":49}},"3":{"start":{"line":5,"column":19},"end":{"line":18,"column":2}},"4":{"start":{"line":19,"column":0},"end":{"line":19,"column":29}}},"fnMap":{},"branchMap":{},"s":{"0":8,"1":8,"2":8,"3":8,"4":8},"f":{},"b":{},"inputSourceMap":null,"_coverageSchema":"1a1c01bbd47fc00a2c39e90264f33305004495a9","hash":"f2bf660e1c9291683e711d52cf8f1073cbc3f579"}
,"G:\\marcus\\Documents\\GitHub\\back-challenge-graphql\\src\\schema\\types\\inputs\\newUser.ts": {"path":"G:\\marcus\\Documents\\GitHub\\back-challenge-graphql\\src\\schema\\types\\inputs\\newUser.ts","statementMap":{"0":{"start":{"line":2,"column":0},"end":{"line":2,"column":62}},"1":{"start":{"line":3,"column":18},"end":{"line":3,"column":36}},"2":{"start":{"line":4,"column":16},"end":{"line":14,"column":2}},"3":{"start":{"line":15,"column":0},"end":{"line":15,"column":26}}},"fnMap":{},"branchMap":{},"s":{"0":8,"1":8,"2":8,"3":8},"f":{},"b":{},"inputSourceMap":null,"_coverageSchema":"1a1c01bbd47fc00a2c39e90264f33305004495a9","hash":"ee808507cb3f92357114d0bc9de871fff012b512"}
,"G:\\marcus\\Documents\\GitHub\\back-challenge-graphql\\src\\schema\\types\\inputs\\projectsOrder.ts": {"path":"G:\\marcus\\Documents\\GitHub\\back-challenge-graphql\\src\\schema\\types\\inputs\\projectsOrder.ts","statementMap":{"0":{"start":{"line":2,"column":22},"end":{"line":4,"column":1}},"1":{"start":{"line":3,"column":4},"end":{"line":3,"column":62}},"2":{"start":{"line":5,"column":0},"end":{"line":5,"column":62}},"3":{"start":{"line":6,"column":18},"end":{"line":6,"column":36}},"4":{"start":{"line":7,"column":29},"end":{"line":7,"column":84}},"5":{"start":{"line":8,"column":20},"end":{"line":8,"column":66}},"6":{"start":{"line":9,"column":22},"end":{"line":19,"column":2}},"7":{"start":{"line":20,"column":0},"end":{"line":20,"column":32}}},"fnMap":{"0":{"name":"(anonymous_0)","decl":{"start":{"line":2,"column":56},"end":{"line":2,"column":57}},"loc":{"start":{"line":2,"column":71},"end":{"line":4,"column":1}},"line":2}},"branchMap":{"0":{"loc":{"start":{"line":2,"column":22},"end":{"line":4,"column":1}},"type":"binary-expr","locations":[{"start":{"line":2,"column":23},"end":{"line":2,"column":27}},{"start":{"line":2,"column":31},"end":{"line":2,"column":51}},{"start":{"line":2,"column":56},"end":{"line":4,"column":1}}],"line":2},"1":{"loc":{"start":{"line":3,"column":11},"end":{"line":3,"column":61}},"type":"cond-expr","locations":[{"start":{"line":3,"column":37},"end":{"line":3,"column":40}},{"start":{"line":3,"column":43},"end":{"line":3,"column":61}}],"line":3},"2":{"loc":{"start":{"line":3,"column":12},"end":{"line":3,"column":33}},"type":"binary-expr","locations":[{"start":{"line":3,"column":12},"end":{"line":3,"column":15}},{"start":{"line":3,"column":19},"end":{"line":3,"column":33}}],"line":3}},"s":{"0":8,"1":16,"2":8,"3":8,"4":8,"5":8,"6":8,"7":8},"f":{"0":16},"b":{"0":[8,8,8],"1":[16,0],"2":[16,16]},"inputSourceMap":null,"_coverageSchema":"1a1c01bbd47fc00a2c39e90264f33305004495a9","hash":"4f211f5733531eaf9889067e8ac59bd811996b08"}
,"G:\\marcus\\Documents\\GitHub\\back-challenge-graphql\\src\\schema\\types\\inputs\\setProject.ts": {"path":"G:\\marcus\\Documents\\GitHub\\back-challenge-graphql\\src\\schema\\types\\inputs\\setProject.ts","statementMap":{"0":{"start":{"line":2,"column":0},"end":{"line":2,"column":62}},"1":{"start":{"line":3,"column":18},"end":{"line":3,"column":36}},"2":{"start":{"line":4,"column":18},"end":{"line":4,"column":49}},"3":{"start":{"line":5,"column":19},"end":{"line":18,"column":2}},"4":{"start":{"line":19,"column":0},"end":{"line":19,"column":29}}},"fnMap":{},"branchMap":{},"s":{"0":8,"1":8,"2":8,"3":8,"4":8},"f":{},"b":{},"inputSourceMap":null,"_coverageSchema":"1a1c01bbd47fc00a2c39e90264f33305004495a9","hash":"72765df5d514574e22fa77f4e6c038ee65fe48ee"}
,"G:\\marcus\\Documents\\GitHub\\back-challenge-graphql\\src\\schema\\types\\inputs\\setUser.ts": {"path":"G:\\marcus\\Documents\\GitHub\\back-challenge-graphql\\src\\schema\\types\\inputs\\setUser.ts","statementMap":{"0":{"start":{"line":2,"column":0},"end":{"line":2,"column":62}},"1":{"start":{"line":3,"column":18},"end":{"line":3,"column":36}},"2":{"start":{"line":4,"column":16},"end":{"line":17,"column":2}},"3":{"start":{"line":18,"column":0},"end":{"line":18,"column":26}}},"fnMap":{},"branchMap":{},"s":{"0":8,"1":8,"2":8,"3":8},"f":{},"b":{},"inputSourceMap":null,"_coverageSchema":"1a1c01bbd47fc00a2c39e90264f33305004495a9","hash":"e5d39697219bc077032acf5e2045b54a9563edc6"}
,"G:\\marcus\\Documents\\GitHub\\back-challenge-graphql\\src\\schema\\types\\inputs\\usersOrder.ts": {"path":"G:\\marcus\\Documents\\GitHub\\back-challenge-graphql\\src\\schema\\types\\inputs\\usersOrder.ts","statementMap":{"0":{"start":{"line":2,"column":22},"end":{"line":4,"column":1}},"1":{"start":{"line":3,"column":4},"end":{"line":3,"column":62}},"2":{"start":{"line":5,"column":0},"end":{"line":5,"column":62}},"3":{"start":{"line":6,"column":18},"end":{"line":6,"column":36}},"4":{"start":{"line":7,"column":26},"end":{"line":7,"column":78}},"5":{"start":{"line":8,"column":20},"end":{"line":8,"column":66}},"6":{"start":{"line":9,"column":19},"end":{"line":19,"column":2}},"7":{"start":{"line":20,"column":0},"end":{"line":20,"column":29}}},"fnMap":{"0":{"name":"(anonymous_0)","decl":{"start":{"line":2,"column":56},"end":{"line":2,"column":57}},"loc":{"start":{"line":2,"column":71},"end":{"line":4,"column":1}},"line":2}},"branchMap":{"0":{"loc":{"start":{"line":2,"column":22},"end":{"line":4,"column":1}},"type":"binary-expr","locations":[{"start":{"line":2,"column":23},"end":{"line":2,"column":27}},{"start":{"line":2,"column":31},"end":{"line":2,"column":51}},{"start":{"line":2,"column":56},"end":{"line":4,"column":1}}],"line":2},"1":{"loc":{"start":{"line":3,"column":11},"end":{"line":3,"column":61}},"type":"cond-expr","locations":[{"start":{"line":3,"column":37},"end":{"line":3,"column":40}},{"start":{"line":3,"column":43},"end":{"line":3,"column":61}}],"line":3},"2":{"loc":{"start":{"line":3,"column":12},"end":{"line":3,"column":33}},"type":"binary-expr","locations":[{"start":{"line":3,"column":12},"end":{"line":3,"column":15}},{"start":{"line":3,"column":19},"end":{"line":3,"column":33}}],"line":3}},"s":{"0":8,"1":16,"2":8,"3":8,"4":8,"5":8,"6":8,"7":8},"f":{"0":16},"b":{"0":[8,8,8],"1":[16,0],"2":[16,16]},"inputSourceMap":null,"_coverageSchema":"1a1c01bbd47fc00a2c39e90264f33305004495a9","hash":"4da27af5c28fe6d29ad02b800d4802aa29e3bbf0"}
,"G:\\marcus\\Documents\\GitHub\\back-challenge-graphql\\src\\utils\\functions.ts": {"path":"G:\\marcus\\Documents\\GitHub\\back-challenge-graphql\\src\\utils\\functions.ts","statementMap":{"0":{"start":{"line":2,"column":0},"end":{"line":2,"column":62}},"1":{"start":{"line":3,"column":0},"end":{"line":3,"column":28}},"2":{"start":{"line":10,"column":4},"end":{"line":10,"column":229}},"3":{"start":{"line":12,"column":0},"end":{"line":12,"column":32}}},"fnMap":{"0":{"name":"formatDate","decl":{"start":{"line":9,"column":9},"end":{"line":9,"column":19}},"loc":{"start":{"line":9,"column":26},"end":{"line":11,"column":1}},"line":9}},"branchMap":{},"s":{"0":8,"1":8,"2":0,"3":8},"f":{"0":0},"b":{},"inputSourceMap":null,"_coverageSchema":"1a1c01bbd47fc00a2c39e90264f33305004495a9","hash":"a716ec53a2784019f5fd8dc620343a35e3db58e2"}
}
