TN:
SF:src\config.ts
FNF:0
FNH:0
DA:2,8
DA:3,8
LF:2
LH:2
BRDA:4,0,0,8
BRDA:4,0,1,8
BRDA:8,1,0,8
BRDA:8,1,1,8
BRDA:9,2,0,8
BRDA:9,2,1,8
BRDA:10,3,0,8
BRDA:10,3,1,8
BRDA:11,4,0,8
BRDA:11,4,1,8
BRDA:12,5,0,8
BRDA:12,5,1,8
BRF:12
BRH:12
end_of_record
TN:
SF:src\database.ts
FN:2,(anonymous_0)
FNF:1
FNH:1
FNDA:16,(anonymous_0)
DA:2,8
DA:3,16
DA:5,8
DA:6,8
DA:7,8
DA:8,8
DA:9,8
LF:7
LH:7
BRDA:2,0,0,8
BRDA:2,0,1,8
BRDA:2,0,2,8
BRDA:3,1,0,8
BRDA:3,1,1,8
BRDA:3,2,0,16
BRDA:3,2,1,16
BRF:7
BRH:7
end_of_record
TN:
SF:src\context\index.ts
FN:2,(anonymous_0)
FNF:1
FNH:1
FNDA:24,(anonymous_0)
DA:2,8
DA:3,24
DA:5,8
DA:6,8
DA:7,8
DA:8,8
DA:9,8
DA:18,8
LF:8
LH:8
BRDA:2,0,0,8
BRDA:2,0,1,8
BRDA:2,0,2,8
BRDA:3,1,0,24
BRDA:3,1,1,0
BRDA:3,2,0,24
BRDA:3,2,1,24
BRF:7
BRH:6
end_of_record
TN:
SF:src\loaders\userLoader.ts
FN:2,(anonymous_0)
FN:3,adopt
FN:3,(anonymous_2)
FN:4,(anonymous_3)
FN:5,fulfilled
FN:6,rejected
FN:7,step
FN:11,(anonymous_7)
FN:17,getUsersById
FN:18,(anonymous_9)
FN:21,(anonymous_10)
FN:22,(anonymous_11)
FNF:12
FNH:10
FNDA:2,(anonymous_0)
FNDA:2,adopt
FNDA:0,(anonymous_2)
FNDA:2,(anonymous_3)
FNDA:2,fulfilled
FNDA:0,rejected
FNDA:4,step
FNDA:16,(anonymous_7)
FNDA:2,getUsersById
FNDA:2,(anonymous_9)
FNDA:4,(anonymous_10)
FNDA:7,(anonymous_11)
DA:2,8
DA:3,2
DA:4,2
DA:5,2
DA:6,0
DA:7,4
DA:8,2
DA:11,8
DA:12,16
DA:14,8
DA:15,8
DA:16,8
DA:18,2
DA:19,2
DA:20,2
DA:21,2
DA:22,7
DA:26,8
LF:18
LH:17
BRDA:2,0,0,8
BRDA:2,0,1,8
BRDA:2,0,2,8
BRDA:3,1,0,2
BRDA:3,1,1,0
BRDA:4,2,0,2
BRDA:4,2,1,2
BRDA:7,3,0,2
BRDA:7,3,1,2
BRDA:8,4,0,2
BRDA:8,4,1,2
BRDA:11,5,0,8
BRDA:11,5,1,8
BRDA:11,5,2,8
BRDA:12,6,0,8
BRDA:12,6,1,8
BRDA:12,7,0,16
BRDA:12,7,1,16
BRF:18
BRH:17
end_of_record
TN:
SF:src\repositories\ProjectKnexRepository.ts
FN:2,(anonymous_0)
FN:3,adopt
FN:3,(anonymous_2)
FN:4,(anonymous_3)
FN:5,fulfilled
FN:6,rejected
FN:7,step
FN:11,(anonymous_7)
FN:17,(anonymous_8)
FN:18,(anonymous_9)
FN:25,(anonymous_10)
FN:26,(anonymous_11)
FN:32,(anonymous_12)
FN:33,(anonymous_13)
FN:37,(anonymous_14)
FN:51,(anonymous_15)
FN:57,(anonymous_16)
FN:58,(anonymous_17)
FN:62,(anonymous_18)
FN:74,(anonymous_19)
FN:77,(anonymous_20)
FN:78,(anonymous_21)
FN:85,(anonymous_22)
FN:90,(anonymous_23)
FN:91,(anonymous_24)
FN:94,(anonymous_25)
FN:102,(anonymous_26)
FN:107,(anonymous_27)
FN:112,(anonymous_28)
FN:113,(anonymous_29)
FNF:30
FNH:21
FNDA:14,(anonymous_0)
FNDA:2,adopt
FNDA:1,(anonymous_2)
FNDA:14,(anonymous_3)
FNDA:2,fulfilled
FNDA:0,rejected
FNDA:16,step
FNDA:8,(anonymous_7)
FNDA:4,(anonymous_8)
FNDA:4,(anonymous_9)
FNDA:0,(anonymous_10)
FNDA:0,(anonymous_11)
FNDA:4,(anonymous_12)
FNDA:4,(anonymous_13)
FNDA:4,(anonymous_14)
FNDA:0,(anonymous_15)
FNDA:4,(anonymous_16)
FNDA:4,(anonymous_17)
FNDA:4,(anonymous_18)
FNDA:4,(anonymous_19)
FNDA:1,(anonymous_20)
FNDA:1,(anonymous_21)
FNDA:1,(anonymous_22)
FNDA:0,(anonymous_23)
FNDA:0,(anonymous_24)
FNDA:0,(anonymous_25)
FNDA:0,(anonymous_26)
FNDA:0,(anonymous_27)
FNDA:1,(anonymous_28)
FNDA:1,(anonymous_29)
DA:2,8
DA:3,2
DA:4,14
DA:5,2
DA:6,0
DA:7,16
DA:8,14
DA:11,8
DA:12,8
DA:14,8
DA:15,8
DA:18,4
DA:19,4
DA:26,0
DA:27,0
DA:33,4
DA:34,4
DA:35,4
DA:38,4
DA:39,4
DA:41,4
DA:42,1
DA:44,4
DA:45,0
DA:47,4
DA:48,1
DA:50,4
DA:51,0
DA:58,4
DA:59,4
DA:60,4
DA:63,4
DA:64,1
DA:66,4
DA:67,1
DA:69,4
DA:70,0
DA:74,4
DA:78,1
DA:79,1
DA:86,1
DA:91,0
DA:92,0
DA:95,0
DA:96,0
DA:98,0
DA:99,0
DA:103,0
DA:104,0
DA:106,0
DA:108,0
DA:113,1
DA:114,1
DA:115,1
DA:116,1
DA:120,8
LF:56
LH:40
BRDA:2,0,0,8
BRDA:2,0,1,8
BRDA:2,0,2,8
BRDA:3,1,0,1
BRDA:3,1,1,1
BRDA:4,2,0,14
BRDA:4,2,1,14
BRDA:7,3,0,14
BRDA:7,3,1,2
BRDA:8,4,0,14
BRDA:8,4,1,14
BRDA:11,5,0,8
BRDA:11,5,1,8
BRDA:11,5,2,8
BRDA:12,6,0,8
BRDA:12,6,1,0
BRDA:12,7,0,8
BRDA:12,7,1,8
BRDA:38,8,0,4
BRDA:38,8,1,0
BRDA:38,9,0,4
BRDA:38,9,1,4
BRDA:41,10,0,1
BRDA:41,10,1,3
BRDA:41,11,0,4
BRDA:41,11,1,1
BRDA:44,12,0,0
BRDA:44,12,1,4
BRDA:44,13,0,4
BRDA:44,13,1,0
BRDA:47,14,0,1
BRDA:47,14,1,3
BRDA:47,15,0,4
BRDA:47,15,1,1
BRDA:50,16,0,0
BRDA:50,16,1,4
BRDA:63,17,0,1
BRDA:63,17,1,3
BRDA:63,18,0,4
BRDA:63,18,1,1
BRDA:66,19,0,1
BRDA:66,19,1,3
BRDA:66,20,0,4
BRDA:66,20,1,1
BRDA:69,21,0,0
BRDA:69,21,1,4
BRDA:69,22,0,4
BRDA:69,22,1,0
BRDA:95,23,0,0
BRDA:95,23,1,0
BRDA:95,24,0,0
BRDA:95,24,1,0
BRDA:98,25,0,0
BRDA:98,25,1,0
BRDA:98,26,0,0
BRDA:98,26,1,0
BRDA:103,27,0,0
BRDA:103,27,1,0
BRF:58
BRH:41
end_of_record
TN:
SF:src\repositories\UserKnexRepository.ts
FN:2,(anonymous_0)
FN:3,adopt
FN:3,(anonymous_2)
FN:4,(anonymous_3)
FN:5,fulfilled
FN:6,rejected
FN:7,step
FN:11,(anonymous_7)
FN:17,(anonymous_8)
FN:18,(anonymous_9)
FN:25,(anonymous_10)
FN:26,(anonymous_11)
FN:32,(anonymous_12)
FN:33,(anonymous_13)
FN:37,(anonymous_14)
FN:48,(anonymous_15)
FN:54,(anonymous_16)
FN:55,(anonymous_17)
FN:59,(anonymous_18)
FN:68,(anonymous_19)
FN:71,(anonymous_20)
FN:72,(anonymous_21)
FN:78,(anonymous_22)
FN:83,(anonymous_23)
FN:84,(anonymous_24)
FN:87,(anonymous_25)
FN:95,(anonymous_26)
FN:100,(anonymous_27)
FN:105,(anonymous_28)
FN:106,(anonymous_29)
FNF:30
FNH:23
FNDA:12,(anonymous_0)
FNDA:2,adopt
FNDA:1,(anonymous_2)
FNDA:12,(anonymous_3)
FNDA:2,fulfilled
FNDA:0,rejected
FNDA:14,step
FNDA:8,(anonymous_7)
FNDA:4,(anonymous_8)
FNDA:4,(anonymous_9)
FNDA:2,(anonymous_10)
FNDA:2,(anonymous_11)
FNDA:2,(anonymous_12)
FNDA:2,(anonymous_13)
FNDA:2,(anonymous_14)
FNDA:0,(anonymous_15)
FNDA:2,(anonymous_16)
FNDA:2,(anonymous_17)
FNDA:2,(anonymous_18)
FNDA:2,(anonymous_19)
FNDA:1,(anonymous_20)
FNDA:1,(anonymous_21)
FNDA:1,(anonymous_22)
FNDA:0,(anonymous_23)
FNDA:0,(anonymous_24)
FNDA:0,(anonymous_25)
FNDA:0,(anonymous_26)
FNDA:0,(anonymous_27)
FNDA:1,(anonymous_28)
FNDA:1,(anonymous_29)
DA:2,8
DA:3,2
DA:4,12
DA:5,2
DA:6,0
DA:7,14
DA:8,12
DA:11,8
DA:12,8
DA:14,8
DA:15,8
DA:18,4
DA:19,4
DA:26,2
DA:27,2
DA:33,2
DA:34,2
DA:35,2
DA:38,2
DA:39,2
DA:41,2
DA:42,1
DA:44,2
DA:45,1
DA:47,2
DA:48,0
DA:55,2
DA:56,2
DA:57,2
DA:60,2
DA:61,1
DA:63,2
DA:64,1
DA:68,2
DA:72,1
DA:73,1
DA:79,1
DA:84,0
DA:85,0
DA:88,0
DA:89,0
DA:91,0
DA:92,0
DA:96,0
DA:97,0
DA:99,0
DA:101,0
DA:106,1
DA:107,1
DA:108,1
DA:109,1
DA:113,8
LF:52
LH:40
BRDA:2,0,0,8
BRDA:2,0,1,8
BRDA:2,0,2,8
BRDA:3,1,0,1
BRDA:3,1,1,1
BRDA:4,2,0,12
BRDA:4,2,1,12
BRDA:7,3,0,12
BRDA:7,3,1,2
BRDA:8,4,0,12
BRDA:8,4,1,12
BRDA:11,5,0,8
BRDA:11,5,1,8
BRDA:11,5,2,8
BRDA:12,6,0,8
BRDA:12,6,1,0
BRDA:12,7,0,8
BRDA:12,7,1,8
BRDA:38,8,0,2
BRDA:38,8,1,0
BRDA:38,9,0,2
BRDA:38,9,1,2
BRDA:41,10,0,1
BRDA:41,10,1,1
BRDA:41,11,0,2
BRDA:41,11,1,1
BRDA:44,12,0,1
BRDA:44,12,1,1
BRDA:44,13,0,2
BRDA:44,13,1,1
BRDA:47,14,0,0
BRDA:47,14,1,2
BRDA:60,15,0,1
BRDA:60,15,1,1
BRDA:60,16,0,2
BRDA:60,16,1,1
BRDA:63,17,0,1
BRDA:63,17,1,1
BRDA:63,18,0,2
BRDA:63,18,1,1
BRDA:88,19,0,0
BRDA:88,19,1,0
BRDA:88,20,0,0
BRDA:88,20,1,0
BRDA:91,21,0,0
BRDA:91,21,1,0
BRDA:91,22,0,0
BRDA:91,22,1,0
BRDA:96,23,0,0
BRDA:96,23,1,0
BRF:50
BRH:37
end_of_record
TN:
SF:src\schema\index.ts
FN:2,(anonymous_0)
FNF:1
FNH:1
FNDA:16,(anonymous_0)
DA:2,8
DA:3,16
DA:5,8
DA:6,8
DA:7,8
DA:8,8
DA:9,8
LF:7
LH:7
BRDA:2,0,0,8
BRDA:2,0,1,8
BRDA:2,0,2,8
BRDA:3,1,0,16
BRDA:3,1,1,0
BRDA:3,2,0,16
BRDA:3,2,1,16
BRF:7
BRH:6
end_of_record
TN:
SF:src\schema\mutation.ts
FN:2,(anonymous_0)
FN:15,(anonymous_1)
FNF:2
FNH:2
FNDA:48,(anonymous_0)
FNDA:8,(anonymous_1)
DA:2,8
DA:3,48
DA:5,8
DA:6,8
DA:7,8
DA:8,8
DA:9,8
DA:10,8
DA:11,8
DA:12,8
DA:13,8
DA:15,8
DA:24,8
LF:13
LH:13
BRDA:2,0,0,8
BRDA:2,0,1,8
BRDA:2,0,2,8
BRDA:3,1,0,48
BRDA:3,1,1,0
BRDA:3,2,0,48
BRDA:3,2,1,48
BRF:7
BRH:6
end_of_record
TN:
SF:src\schema\query.ts
FN:2,(anonymous_0)
FN:13,(anonymous_1)
FNF:2
FNH:2
FNDA:32,(anonymous_0)
FNDA:8,(anonymous_1)
DA:2,8
DA:3,32
DA:5,8
DA:6,8
DA:7,8
DA:8,8
DA:9,8
DA:10,8
DA:11,8
DA:13,8
DA:20,8
LF:11
LH:11
BRDA:2,0,0,8
BRDA:2,0,1,8
BRDA:2,0,2,8
BRDA:3,1,0,32
BRDA:3,1,1,0
BRDA:3,2,0,32
BRDA:3,2,1,32
BRF:7
BRH:6
end_of_record
TN:
SF:src\schema\mutations\createProject.ts
FN:2,(anonymous_0)
FN:16,(anonymous_1)
FNF:2
FNH:2
FNDA:16,(anonymous_0)
FNDA:1,(anonymous_1)
DA:2,8
DA:3,16
DA:5,8
DA:6,8
DA:7,8
DA:8,8
DA:9,8
DA:17,1
DA:20,8
LF:9
LH:9
BRDA:2,0,0,8
BRDA:2,0,1,8
BRDA:2,0,2,8
BRDA:3,1,0,16
BRDA:3,1,1,0
BRDA:3,2,0,16
BRDA:3,2,1,16
BRF:7
BRH:6
end_of_record
TN:
SF:src\schema\mutations\createUser.ts
FN:2,(anonymous_0)
FN:16,(anonymous_1)
FNF:2
FNH:2
FNDA:16,(anonymous_0)
FNDA:1,(anonymous_1)
DA:2,8
DA:3,16
DA:5,8
DA:6,8
DA:7,8
DA:8,8
DA:9,8
DA:17,1
DA:20,8
LF:9
LH:9
BRDA:2,0,0,8
BRDA:2,0,1,8
BRDA:2,0,2,8
BRDA:3,1,0,16
BRDA:3,1,1,0
BRDA:3,2,0,16
BRDA:3,2,1,16
BRF:7
BRH:6
end_of_record
TN:
SF:src\schema\mutations\deleteProject.ts
FN:2,(anonymous_0)
FN:16,(anonymous_1)
FNF:2
FNH:2
FNDA:16,(anonymous_0)
FNDA:1,(anonymous_1)
DA:2,8
DA:3,16
DA:5,8
DA:6,8
DA:7,8
DA:8,8
DA:9,8
DA:17,1
DA:20,8
LF:9
LH:9
BRDA:2,0,0,8
BRDA:2,0,1,8
BRDA:2,0,2,8
BRDA:3,1,0,16
BRDA:3,1,1,0
BRDA:3,2,0,16
BRDA:3,2,1,16
BRF:7
BRH:6
end_of_record
TN:
SF:src\schema\mutations\deleteUser.ts
FN:2,(anonymous_0)
FN:16,(anonymous_1)
FNF:2
FNH:2
FNDA:16,(anonymous_0)
FNDA:1,(anonymous_1)
DA:2,8
DA:3,16
DA:5,8
DA:6,8
DA:7,8
DA:8,8
DA:9,8
DA:17,1
DA:20,8
LF:9
LH:9
BRDA:2,0,0,8
BRDA:2,0,1,8
BRDA:2,0,2,8
BRDA:3,1,0,16
BRDA:3,1,1,0
BRDA:3,2,0,16
BRDA:3,2,1,16
BRF:7
BRH:6
end_of_record
TN:
SF:src\schema\mutations\updateProject.ts
FN:2,(anonymous_0)
FN:16,(anonymous_1)
FNF:2
FNH:1
FNDA:16,(anonymous_0)
FNDA:0,(anonymous_1)
DA:2,8
DA:3,16
DA:5,8
DA:6,8
DA:7,8
DA:8,8
DA:9,8
DA:17,0
DA:20,8
LF:9
LH:8
BRDA:2,0,0,8
BRDA:2,0,1,8
BRDA:2,0,2,8
BRDA:3,1,0,16
BRDA:3,1,1,0
BRDA:3,2,0,16
BRDA:3,2,1,16
BRF:7
BRH:6
end_of_record
TN:
SF:src\schema\mutations\updateUser.ts
FN:2,(anonymous_0)
FN:16,(anonymous_1)
FNF:2
FNH:1
FNDA:16,(anonymous_0)
FNDA:0,(anonymous_1)
DA:2,8
DA:3,16
DA:5,8
DA:6,8
DA:7,8
DA:8,8
DA:9,8
DA:17,0
DA:20,8
LF:9
LH:8
BRDA:2,0,0,8
BRDA:2,0,1,8
BRDA:2,0,2,8
BRDA:3,1,0,16
BRDA:3,1,1,0
BRDA:3,2,0,16
BRDA:3,2,1,16
BRF:7
BRH:6
end_of_record
TN:
SF:src\schema\queries\nodesToEdges.ts
FN:3,(anonymous_0)
FN:4,(anonymous_1)
FNF:2
FNH:2
FNDA:6,(anonymous_0)
FNDA:13,(anonymous_1)
DA:2,8
DA:3,8
DA:4,13
LF:3
LH:3
BRF:0
BRH:0
end_of_record
TN:
SF:src\schema\queries\project.ts
FN:2,(anonymous_0)
FN:15,(anonymous_1)
FNF:2
FNH:2
FNDA:8,(anonymous_0)
FNDA:2,(anonymous_1)
DA:2,8
DA:3,8
DA:5,8
DA:6,8
DA:7,8
DA:8,8
DA:16,2
DA:19,8
LF:8
LH:8
BRDA:2,0,0,8
BRDA:2,0,1,8
BRDA:2,0,2,8
BRDA:3,1,0,8
BRDA:3,1,1,0
BRDA:3,2,0,8
BRDA:3,2,1,8
BRF:7
BRH:6
end_of_record
TN:
SF:src\schema\queries\projects.ts
FN:2,(anonymous_0)
FN:3,adopt
FN:3,(anonymous_2)
FN:4,(anonymous_3)
FN:5,fulfilled
FN:6,rejected
FN:7,step
FN:11,(anonymous_7)
FN:44,(anonymous_8)
FN:44,(anonymous_9)
FNF:10
FNH:8
FNDA:3,(anonymous_0)
FNDA:6,adopt
FNDA:0,(anonymous_2)
FNDA:3,(anonymous_3)
FNDA:6,fulfilled
FNDA:0,rejected
FNDA:9,step
FNDA:32,(anonymous_7)
FNDA:3,(anonymous_8)
FNDA:3,(anonymous_9)
DA:2,8
DA:3,6
DA:4,3
DA:5,6
DA:6,0
DA:7,9
DA:8,3
DA:11,8
DA:12,32
DA:14,8
DA:15,8
DA:16,8
DA:17,8
DA:18,8
DA:19,8
DA:20,8
DA:21,8
DA:44,3
DA:45,3
DA:48,3
DA:55,3
DA:59,3
DA:60,3
LF:23
LH:22
BRDA:2,0,0,8
BRDA:2,0,1,8
BRDA:2,0,2,8
BRDA:3,1,0,6
BRDA:3,1,1,0
BRDA:4,2,0,3
BRDA:4,2,1,3
BRDA:7,3,0,3
BRDA:7,3,1,6
BRDA:8,4,0,3
BRDA:8,4,1,3
BRDA:11,5,0,8
BRDA:11,5,1,8
BRDA:11,5,2,8
BRDA:12,6,0,32
BRDA:12,6,1,0
BRDA:12,7,0,32
BRDA:12,7,1,32
BRDA:45,8,0,0
BRDA:45,8,1,3
BRDA:45,9,0,3
BRDA:45,9,1,3
BRF:22
BRH:19
end_of_record
TN:
SF:src\schema\queries\toConnection.ts
FN:3,(anonymous_0)
FNF:1
FNH:1
FNDA:6,(anonymous_0)
DA:2,8
DA:3,8
DA:4,6
LF:3
LH:3
BRDA:7,0,0,0
BRDA:7,0,1,6
BRDA:10,1,0,0
BRDA:10,1,1,6
BRF:4
BRH:2
end_of_record
TN:
SF:src\schema\queries\user.ts
FN:2,(anonymous_0)
FN:15,(anonymous_1)
FNF:2
FNH:2
FNDA:8,(anonymous_0)
FNDA:2,(anonymous_1)
DA:2,8
DA:3,8
DA:5,8
DA:6,8
DA:7,8
DA:8,8
DA:16,2
DA:19,8
LF:8
LH:8
BRDA:2,0,0,8
BRDA:2,0,1,8
BRDA:2,0,2,8
BRDA:3,1,0,8
BRDA:3,1,1,0
BRDA:3,2,0,8
BRDA:3,2,1,8
BRF:7
BRH:6
end_of_record
TN:
SF:src\schema\queries\users.ts
FN:2,(anonymous_0)
FN:3,adopt
FN:3,(anonymous_2)
FN:4,(anonymous_3)
FN:5,fulfilled
FN:6,rejected
FN:7,step
FN:11,(anonymous_7)
FN:43,(anonymous_8)
FN:43,(anonymous_9)
FNF:10
FNH:8
FNDA:2,(anonymous_0)
FNDA:4,adopt
FNDA:0,(anonymous_2)
FNDA:2,(anonymous_3)
FNDA:4,fulfilled
FNDA:0,rejected
FNDA:6,step
FNDA:32,(anonymous_7)
FNDA:2,(anonymous_8)
FNDA:2,(anonymous_9)
DA:2,8
DA:3,4
DA:4,2
DA:5,4
DA:6,0
DA:7,6
DA:8,2
DA:11,8
DA:12,32
DA:14,8
DA:15,8
DA:16,8
DA:17,8
DA:18,8
DA:19,8
DA:20,8
DA:43,2
DA:44,2
DA:47,2
DA:54,2
DA:58,2
DA:59,2
LF:22
LH:21
BRDA:2,0,0,8
BRDA:2,0,1,8
BRDA:2,0,2,8
BRDA:3,1,0,4
BRDA:3,1,1,0
BRDA:4,2,0,2
BRDA:4,2,1,2
BRDA:7,3,0,2
BRDA:7,3,1,4
BRDA:8,4,0,2
BRDA:8,4,1,2
BRDA:11,5,0,8
BRDA:11,5,1,8
BRDA:11,5,2,8
BRDA:12,6,0,32
BRDA:12,6,1,0
BRDA:12,7,0,32
BRDA:12,7,1,32
BRDA:44,8,0,0
BRDA:44,8,1,2
BRDA:44,9,0,2
BRDA:44,9,1,2
BRF:22
BRH:19
end_of_record
TN:
SF:src\schema\types\pageInfo.ts
FNF:0
FNH:0
DA:2,8
DA:3,8
DA:4,8
DA:26,8
LF:4
LH:4
BRF:0
BRH:0
end_of_record
TN:
SF:src\schema\types\project.ts
FN:2,(anonymous_0)
FN:12,(anonymous_1)
FN:16,(anonymous_2)
FN:23,(anonymous_3)
FN:30,(anonymous_4)
FN:37,(anonymous_5)
FN:44,(anonymous_6)
FNF:7
FNH:6
FNDA:8,(anonymous_0)
FNDA:8,(anonymous_1)
FNDA:13,(anonymous_2)
FNDA:13,(anonymous_3)
FNDA:13,(anonymous_4)
FNDA:4,(anonymous_5)
FNDA:0,(anonymous_6)
DA:2,8
DA:3,8
DA:5,8
DA:6,8
DA:7,8
DA:8,8
DA:9,8
DA:10,8
DA:12,8
DA:17,13
DA:24,13
DA:31,13
DA:38,4
DA:45,0
DA:50,8
LF:15
LH:14
BRDA:2,0,0,8
BRDA:2,0,1,8
BRDA:2,0,2,8
BRDA:3,1,0,8
BRDA:3,1,1,0
BRDA:3,2,0,8
BRDA:3,2,1,8
BRF:7
BRH:6
end_of_record
TN:
SF:src\schema\types\user.ts
FN:2,(anonymous_0)
FN:3,adopt
FN:3,(anonymous_2)
FN:4,(anonymous_3)
FN:5,fulfilled
FN:6,rejected
FN:7,step
FN:11,(anonymous_7)
FN:22,(anonymous_8)
FN:26,(anonymous_9)
FN:33,(anonymous_10)
FN:40,(anonymous_11)
FN:61,(anonymous_12)
FN:61,(anonymous_13)
FN:80,(anonymous_14)
FNF:15
FNH:12
FNDA:1,(anonymous_0)
FNDA:2,adopt
FNDA:0,(anonymous_2)
FNDA:1,(anonymous_3)
FNDA:2,fulfilled
FNDA:0,rejected
FNDA:3,step
FNDA:24,(anonymous_7)
FNDA:8,(anonymous_8)
FNDA:12,(anonymous_9)
FNDA:12,(anonymous_10)
FNDA:12,(anonymous_11)
FNDA:1,(anonymous_12)
FNDA:1,(anonymous_13)
FNDA:0,(anonymous_14)
DA:2,8
DA:3,2
DA:4,1
DA:5,2
DA:6,0
DA:7,3
DA:8,1
DA:11,8
DA:12,24
DA:14,8
DA:15,8
DA:16,8
DA:17,8
DA:18,8
DA:19,8
DA:20,8
DA:22,8
DA:27,12
DA:34,12
DA:41,12
DA:61,1
DA:62,1
DA:63,1
DA:69,1
DA:73,1
DA:74,1
DA:81,0
DA:86,8
LF:28
LH:26
BRDA:2,0,0,8
BRDA:2,0,1,8
BRDA:2,0,2,8
BRDA:3,1,0,2
BRDA:3,1,1,0
BRDA:4,2,0,1
BRDA:4,2,1,1
BRDA:7,3,0,1
BRDA:7,3,1,2
BRDA:8,4,0,1
BRDA:8,4,1,1
BRDA:11,5,0,8
BRDA:11,5,1,8
BRDA:11,5,2,8
BRDA:12,6,0,24
BRDA:12,6,1,0
BRDA:12,7,0,24
BRDA:12,7,1,24
BRDA:62,8,0,0
BRDA:62,8,1,1
BRDA:62,9,0,1
BRDA:62,9,1,1
BRF:22
BRH:19
end_of_record
TN:
SF:src\schema\types\connections\projectConnection.ts
FN:2,(anonymous_0)
FNF:1
FNH:1
FNDA:16,(anonymous_0)
DA:2,8
DA:3,16
DA:5,8
DA:6,8
DA:7,8
DA:8,8
DA:9,8
DA:25,8
LF:8
LH:8
BRDA:2,0,0,8
BRDA:2,0,1,8
BRDA:2,0,2,8
BRDA:3,1,0,16
BRDA:3,1,1,0
BRDA:3,2,0,16
BRDA:3,2,1,16
BRF:7
BRH:6
end_of_record
TN:
SF:src\schema\types\connections\userConnection.ts
FN:2,(anonymous_0)
FNF:1
FNH:1
FNDA:16,(anonymous_0)
DA:2,8
DA:3,16
DA:5,8
DA:6,8
DA:7,8
DA:8,8
DA:9,8
DA:25,8
LF:8
LH:8
BRDA:2,0,0,8
BRDA:2,0,1,8
BRDA:2,0,2,8
BRDA:3,1,0,16
BRDA:3,1,1,0
BRDA:3,2,0,16
BRDA:3,2,1,16
BRF:7
BRH:6
end_of_record
TN:
SF:src\schema\types\edges\projectEdge.ts
FN:2,(anonymous_0)
FNF:1
FNH:1
FNDA:8,(anonymous_0)
DA:2,8
DA:3,8
DA:5,8
DA:6,8
DA:7,8
DA:8,8
DA:22,8
LF:7
LH:7
BRDA:2,0,0,8
BRDA:2,0,1,8
BRDA:2,0,2,8
BRDA:3,1,0,8
BRDA:3,1,1,0
BRDA:3,2,0,8
BRDA:3,2,1,8
BRF:7
BRH:6
end_of_record
TN:
SF:src\schema\types\edges\userEdge.ts
FN:2,(anonymous_0)
FNF:1
FNH:1
FNDA:8,(anonymous_0)
DA:2,8
DA:3,8
DA:5,8
DA:6,8
DA:7,8
DA:8,8
DA:22,8
LF:7
LH:7
BRDA:2,0,0,8
BRDA:2,0,1,8
BRDA:2,0,2,8
BRDA:3,1,0,8
BRDA:3,1,1,0
BRDA:3,2,0,8
BRDA:3,2,1,8
BRF:7
BRH:6
end_of_record
TN:
SF:src\schema\types\enums\direction.ts
FNF:0
FNH:0
DA:2,8
DA:3,8
DA:4,8
LF:3
LH:3
BRF:0
BRH:0
end_of_record
TN:
SF:src\schema\types\enums\projectsOrderField.ts
FNF:0
FNH:0
DA:2,8
DA:3,8
DA:4,8
LF:3
LH:3
BRF:0
BRH:0
end_of_record
TN:
SF:src\schema\types\enums\usersOrderField.ts
FNF:0
FNH:0
DA:2,8
DA:3,8
DA:4,8
LF:3
LH:3
BRF:0
BRH:0
end_of_record
TN:
SF:src\schema\types\inputs\deleteUser.ts
FNF:0
FNH:0
DA:2,8
DA:3,8
DA:4,8
DA:12,8
LF:4
LH:4
BRF:0
BRH:0
end_of_record
TN:
SF:src\schema\types\inputs\newProject.ts
FNF:0
FNH:0
DA:2,8
DA:3,8
DA:4,8
DA:5,8
DA:19,8
LF:5
LH:5
BRF:0
BRH:0
end_of_record
TN:
SF:src\schema\types\inputs\newUser.ts
FNF:0
FNH:0
DA:2,8
DA:3,8
DA:4,8
DA:15,8
LF:4
LH:4
BRF:0
BRH:0
end_of_record
TN:
SF:src\schema\types\inputs\projectsOrder.ts
FN:2,(anonymous_0)
FNF:1
FNH:1
FNDA:16,(anonymous_0)
DA:2,8
DA:3,16
DA:5,8
DA:6,8
DA:7,8
DA:8,8
DA:9,8
DA:20,8
LF:8
LH:8
BRDA:2,0,0,8
BRDA:2,0,1,8
BRDA:2,0,2,8
BRDA:3,1,0,16
BRDA:3,1,1,0
BRDA:3,2,0,16
BRDA:3,2,1,16
BRF:7
BRH:6
end_of_record
TN:
SF:src\schema\types\inputs\setProject.ts
FNF:0
FNH:0
DA:2,8
DA:3,8
DA:4,8
DA:5,8
DA:19,8
LF:5
LH:5
BRF:0
BRH:0
end_of_record
TN:
SF:src\schema\types\inputs\setUser.ts
FNF:0
FNH:0
DA:2,8
DA:3,8
DA:4,8
DA:18,8
LF:4
LH:4
BRF:0
BRH:0
end_of_record
TN:
SF:src\schema\types\inputs\usersOrder.ts
FN:2,(anonymous_0)
FNF:1
FNH:1
FNDA:16,(anonymous_0)
DA:2,8
DA:3,16
DA:5,8
DA:6,8
DA:7,8
DA:8,8
DA:9,8
DA:20,8
LF:8
LH:8
BRDA:2,0,0,8
BRDA:2,0,1,8
BRDA:2,0,2,8
BRDA:3,1,0,16
BRDA:3,1,1,0
BRDA:3,2,0,16
BRDA:3,2,1,16
BRF:7
BRH:6
end_of_record
TN:
SF:src\utils\functions.ts
FN:9,formatDate
FNF:1
FNH:0
FNDA:0,formatDate
DA:2,8
DA:3,8
DA:10,0
DA:12,8
LF:4
LH:3
BRF:0
BRH:0
end_of_record
